SF:lib\main.dart
DA:11,0
DA:13,4
DA:14,4
DA:15,4
DA:17,4
DA:21,4
DA:23,4
DA:25,4
DA:27,8
DA:28,0
DA:29,0
DA:34,4
DA:39,4
DA:40,4
DA:41,8
LF:15
LH:12
end_of_record
SF:lib\pages\edit_profile\state.dart
DA:5,0
DA:6,0
DA:9,0
DA:10,0
DA:13,0
DA:14,0
DA:18,3
DA:19,3
LF:8
LH:2
end_of_record
SF:lib\common\apis\sts.dart
DA:5,1
DA:8,2
DA:9,1
LF:3
LH:3
end_of_record
SF:lib\common\apis\post.dart
DA:6,0
DA:8,0
DA:10,0
DA:11,0
DA:13,0
DA:16,0
DA:19,1
DA:21,2
DA:23,1
DA:26,1
DA:29,0
DA:31,0
DA:33,0
DA:35,0
DA:36,0
DA:39,0
DA:41,0
DA:43,0
DA:45,0
DA:46,0
DA:49,0
DA:51,0
DA:53,0
DA:55,0
DA:56,0
DA:59,0
DA:61,0
DA:63,0
DA:66,0
DA:69,0
DA:71,0
DA:73,0
DA:76,0
DA:79,1
DA:82,1
DA:86,1
DA:88,2
DA:90,1
DA:93,1
DA:96,4
DA:97,8
DA:99,4
DA:101,4
DA:102,4
DA:105,0
DA:107,0
DA:109,0
DA:112,0
DA:115,4
DA:117,8
DA:119,4
DA:121,4
DA:124,0
DA:126,0
DA:128,0
DA:130,0
DA:133,0
DA:135,0
DA:137,0
DA:139,0
LF:60
LH:19
end_of_record
SF:lib\common\entities\post.dart
DA:16,0
DA:31,0
DA:32,0
DA:33,0
DA:34,0
DA:35,0
DA:36,0
DA:37,0
DA:38,0
DA:39,0
DA:40,0
DA:41,0
DA:42,0
DA:43,0
DA:44,0
DA:47,0
DA:48,0
DA:49,0
DA:50,0
DA:51,0
DA:52,0
DA:53,0
DA:54,0
DA:55,0
DA:56,0
DA:57,0
DA:58,0
DA:59,0
DA:60,0
DA:61,0
DA:77,0
DA:89,4
DA:90,8
DA:91,8
DA:92,8
DA:93,8
DA:94,8
DA:95,12
DA:96,12
DA:97,12
DA:98,12
DA:101,4
DA:102,4
DA:103,8
DA:104,8
DA:105,8
DA:106,8
DA:107,8
DA:108,8
DA:109,8
DA:110,8
DA:111,8
DA:131,0
DA:146,4
DA:147,8
DA:148,8
DA:149,8
DA:150,8
DA:151,8
DA:152,8
DA:153,8
DA:154,8
DA:155,8
DA:156,12
DA:157,8
DA:158,8
DA:159,12
DA:162,1
DA:163,1
DA:164,2
DA:165,2
DA:166,2
DA:167,2
DA:168,2
DA:169,2
DA:170,2
DA:171,2
DA:172,2
DA:173,2
DA:174,2
DA:175,2
DA:176,2
DA:184,0
DA:186,4
DA:187,4
DA:188,8
DA:189,12
DA:190,12
DA:195,0
DA:196,0
DA:197,0
DA:198,0
DA:199,0
DA:209,0
DA:211,4
DA:212,8
DA:213,8
DA:215,8
DA:216,8
DA:220,0
DA:221,0
DA:222,0
DA:223,0
DA:225,0
DA:226,0
DA:235,0
DA:237,0
DA:238,0
DA:239,0
DA:240,0
DA:241,0
DA:246,0
DA:247,0
DA:248,0
DA:249,0
DA:250,0
DA:267,0
DA:278,0
DA:279,0
DA:280,0
DA:281,0
DA:282,0
DA:283,0
DA:284,0
DA:285,0
DA:286,0
DA:287,0
DA:290,0
DA:291,0
DA:292,0
DA:293,0
DA:294,0
DA:295,0
DA:296,0
DA:297,0
DA:298,0
DA:299,0
DA:300,0
DA:309,0
DA:311,0
DA:312,0
DA:313,0
DA:316,0
DA:317,0
DA:318,0
DA:319,0
DA:320,0
DA:328,0
DA:329,0
DA:330,0
DA:332,0
DA:333,0
DA:334,0
DA:343,0
DA:344,0
DA:345,0
DA:346,0
DA:349,0
DA:350,0
DA:351,0
DA:352,0
DA:353,0
DA:371,0
DA:383,0
DA:384,0
DA:385,0
DA:386,0
DA:387,0
DA:388,0
DA:389,0
DA:390,0
DA:391,0
DA:392,0
DA:393,0
DA:396,0
DA:397,0
DA:398,0
DA:399,0
DA:400,0
DA:401,0
DA:402,0
DA:403,0
DA:404,0
DA:405,0
DA:406,0
DA:407,0
DA:416,1
DA:419,0
DA:420,0
DA:422,1
DA:423,1
DA:424,2
DA:434,0
DA:436,1
DA:437,2
DA:438,1
DA:439,2
DA:440,3
DA:441,3
DA:446,0
DA:447,0
DA:448,0
DA:449,0
DA:450,0
DA:460,0
DA:462,0
DA:463,0
DA:464,0
DA:467,0
DA:468,0
DA:469,0
DA:470,0
DA:471,0
DA:481,0
DA:486,0
DA:487,0
DA:488,0
DA:491,0
DA:492,0
DA:493,0
DA:494,0
DA:503,0
DA:505,0
DA:506,0
DA:507,0
DA:510,0
DA:511,0
DA:512,0
DA:513,0
DA:514,0
DA:523,1
DA:527,0
DA:528,0
DA:531,1
DA:532,1
DA:533,2
DA:542,0
DA:544,1
DA:545,2
DA:546,4
DA:549,0
DA:550,0
DA:551,0
DA:552,0
DA:553,0
DA:569,0
DA:580,0
DA:581,0
DA:582,0
DA:583,0
DA:584,0
DA:585,0
DA:586,0
DA:587,0
DA:588,0
DA:591,0
DA:592,0
DA:593,0
DA:594,0
DA:595,0
DA:596,0
DA:597,0
DA:598,0
DA:599,0
DA:600,0
DA:609,0
DA:611,0
DA:612,0
DA:613,0
DA:616,0
DA:617,0
DA:618,0
DA:619,0
DA:620,0
DA:629,4
DA:634,0
DA:635,0
DA:636,0
DA:639,4
DA:640,4
DA:641,8
DA:642,8
DA:651,0
DA:653,4
DA:654,8
DA:655,16
DA:658,0
DA:659,0
DA:660,0
DA:661,0
DA:662,0
DA:671,0
DA:673,0
DA:674,0
DA:677,0
DA:678,0
DA:679,0
DA:688,0
DA:690,0
DA:691,0
DA:692,0
DA:695,0
DA:696,0
DA:697,0
DA:698,0
DA:699,0
DA:708,4
DA:710,0
DA:711,0
DA:714,4
DA:715,4
DA:716,8
DA:725,0
DA:727,4
DA:728,8
DA:729,16
DA:732,0
DA:733,0
DA:734,0
DA:735,0
DA:736,0
DA:746,0
DA:748,0
DA:749,0
DA:750,0
DA:753,0
DA:754,0
DA:755,0
DA:756,0
DA:765,0
DA:767,0
DA:768,0
DA:769,0
DA:772,0
DA:773,0
DA:774,0
DA:775,0
DA:776,0
DA:794,0
DA:806,0
DA:807,0
DA:808,0
DA:809,0
DA:810,0
DA:811,0
DA:812,0
DA:813,0
DA:814,0
DA:815,0
DA:816,0
DA:819,0
DA:820,0
DA:821,0
DA:822,0
DA:823,0
DA:824,0
DA:825,0
DA:826,0
DA:827,0
DA:828,0
DA:829,0
DA:830,0
DA:840,0
DA:842,0
DA:843,0
DA:844,0
DA:847,0
DA:848,0
DA:849,0
DA:850,0
DA:851,0
DA:861,0
DA:863,0
DA:864,0
DA:865,0
DA:868,0
DA:869,0
DA:870,0
DA:871,0
DA:881,0
DA:883,0
DA:884,0
DA:885,0
DA:888,0
DA:889,0
DA:890,0
DA:891,0
DA:892,0
LF:388
LH:92
end_of_record
SF:lib\common\entities\sts.dart
DA:6,0
DA:8,1
DA:9,2
DA:10,4
DA:11,2
DA:14,0
DA:15,0
DA:16,0
DA:17,0
DA:18,0
DA:20,0
DA:30,0
DA:32,1
DA:33,1
DA:34,3
DA:35,2
DA:36,4
DA:39,0
DA:40,0
DA:41,0
DA:42,0
DA:44,0
DA:45,0
DA:46,0
DA:64,0
DA:76,1
DA:77,2
DA:78,2
DA:79,2
DA:80,2
DA:81,2
DA:82,2
DA:83,2
DA:84,2
DA:85,2
DA:86,2
DA:89,0
DA:90,0
DA:91,0
DA:92,0
DA:93,0
DA:94,0
DA:95,0
DA:96,0
DA:97,0
DA:98,0
DA:99,0
DA:100,0
DA:110,0
DA:112,1
DA:113,2
DA:114,2
DA:116,2
DA:117,2
DA:119,2
DA:122,0
DA:123,0
DA:124,0
DA:125,0
DA:127,0
DA:128,0
DA:130,0
DA:139,0
DA:141,1
DA:142,2
DA:143,2
DA:146,0
DA:147,0
DA:148,0
DA:149,0
DA:160,0
DA:166,1
DA:167,2
DA:168,2
DA:169,2
DA:170,2
DA:173,0
DA:174,0
DA:175,0
DA:176,0
DA:177,0
DA:178,0
LF:82
LH:34
end_of_record
SF:lib\common\routes\observers.dart
DA:5,4
DA:7,4
DA:8,8
DA:9,12
DA:10,4
DA:11,8
DA:14,4
DA:16,4
DA:17,16
DA:18,4
DA:19,8
DA:22,0
DA:24,0
DA:26,0
DA:27,0
DA:29,0
DA:30,0
DA:31,0
DA:32,0
DA:34,0
DA:38,0
DA:39,0
DA:42,0
DA:44,0
DA:45,0
DA:46,0
DA:47,0
DA:50,0
DA:53,0
DA:56,0
DA:58,0
LF:31
LH:11
end_of_record
SF:lib\common\routes\pages.dart
DA:33,12
DA:34,12
DA:36,12
DA:54,4
DA:56,4
DA:57,4
DA:63,4
DA:65,2
DA:66,4
DA:69,4
DA:71,0
DA:72,4
DA:75,4
DA:77,8
DA:78,4
DA:81,4
DA:83,0
DA:84,4
DA:86,4
DA:88,2
DA:89,4
DA:91,4
DA:93,8
DA:95,4
DA:97,0
DA:98,4
DA:100,4
DA:102,0
DA:103,4
DA:106,4
DA:108,0
DA:109,4
DA:112,4
DA:114,0
DA:115,4
DA:118,4
DA:120,0
DA:121,4
DA:124,4
DA:126,0
DA:127,4
DA:130,4
DA:132,2
DA:133,4
DA:136,4
DA:138,0
DA:139,4
DA:141,4
DA:143,2
DA:144,4
DA:146,4
DA:148,2
DA:149,4
DA:151,4
DA:153,0
DA:154,4
DA:156,4
DA:158,0
DA:159,4
LF:59
LH:48
end_of_record
SF:lib\pages\application\bindings.dart
DA:9,4
DA:11,16
DA:12,16
DA:13,16
DA:14,8
LF:5
LH:5
end_of_record
SF:lib\pages\application\view.dart
DA:10,4
DA:13,4
DA:14,4
DA:16,8
DA:17,8
DA:18,4
DA:19,4
DA:27,4
DA:28,4
DA:29,8
DA:30,8
DA:31,12
DA:33,8
DA:40,4
DA:42,4
DA:43,8
DA:44,4
LF:17
LH:17
end_of_record
SF:lib\pages\create_post\bindings.dart
DA:6,0
DA:8,0
LF:2
LH:0
end_of_record
SF:lib\pages\create_post\view.dart
DA:9,0
DA:13,0
DA:15,0
DA:16,0
DA:17,0
DA:18,0
DA:20,0
DA:21,0
DA:22,0
DA:23,0
DA:32,0
DA:33,0
DA:34,0
DA:35,0
DA:36,0
DA:39,0
DA:40,0
DA:41,0
DA:43,0
DA:45,0
DA:47,0
DA:48,0
DA:50,0
DA:51,0
DA:53,0
DA:55,0
DA:57,0
DA:58,0
DA:59,0
DA:65,0
DA:68,0
DA:71,0
DA:72,0
DA:73,0
DA:74,0
DA:75,0
DA:76,0
DA:77,0
DA:78,0
DA:85,0
DA:86,0
DA:87,0
DA:91,0
DA:93,0
DA:94,0
DA:95,0
DA:98,0
DA:101,0
DA:102,0
DA:103,0
DA:115,0
DA:117,0
DA:118,0
DA:119,0
DA:121,0
DA:122,0
DA:124,0
DA:125,0
DA:126,0
DA:127,0
DA:128,0
DA:131,0
DA:134,0
DA:136,0
DA:137,0
DA:139,0
DA:141,0
DA:142,0
DA:144,0
DA:155,0
DA:158,0
DA:159,0
DA:166,0
DA:171,0
DA:172,0
DA:180,0
DA:185,0
DA:186,0
DA:189,0
DA:190,0
DA:191,0
DA:199,0
DA:200,0
DA:202,0
DA:204,0
DA:206,0
DA:207,0
DA:209,0
DA:211,0
DA:212,0
DA:214,0
DA:215,0
DA:216,0
DA:219,0
DA:221,0
DA:222,0
DA:223,0
DA:226,0
DA:228,0
DA:229,0
DA:230,0
DA:233,0
DA:235,0
DA:236,0
DA:237,0
DA:240,0
DA:242,0
DA:243,0
DA:244,0
LF:109
LH:0
end_of_record
SF:lib\pages\edit_profile\view.dart
DA:8,2
DA:10,1
DA:12,3
DA:13,2
DA:14,1
DA:16,1
DA:17,1
DA:18,1
DA:20,0
DA:24,1
DA:26,1
DA:29,1
DA:31,3
DA:32,1
DA:33,1
DA:34,3
DA:37,1
DA:38,0
DA:41,0
DA:44,0
DA:53,1
DA:54,1
DA:63,1
DA:64,1
DA:73,1
DA:74,0
DA:75,0
DA:76,0
DA:77,0
DA:78,0
DA:80,0
DA:83,1
LF:32
LH:22
end_of_record
SF:lib\pages\image_post\bindings.dart
DA:6,1
DA:8,4
LF:2
LH:2
end_of_record
SF:lib\pages\image_post\view.dart
DA:12,2
DA:14,1
DA:16,3
DA:18,1
DA:19,1
DA:20,1
DA:21,1
DA:22,1
DA:23,1
DA:24,1
DA:25,1
DA:28,1
DA:30,1
DA:31,1
DA:43,1
DA:44,1
DA:53,1
DA:55,4
DA:56,2
DA:58,1
DA:63,2
DA:64,2
DA:65,2
DA:66,2
DA:67,2
DA:70,2
DA:71,1
DA:72,1
DA:74,1
DA:75,1
DA:76,1
DA:78,2
DA:79,4
DA:80,1
DA:81,0
DA:82,0
DA:84,0
DA:86,0
DA:89,0
DA:92,1
DA:93,1
DA:99,1
DA:100,1
DA:101,1
DA:102,1
DA:103,1
DA:104,4
DA:105,1
DA:106,1
DA:107,1
DA:108,1
DA:109,1
DA:110,1
DA:111,1
DA:112,2
DA:116,0
DA:117,0
DA:118,0
DA:122,1
DA:126,1
DA:128,3
DA:129,1
DA:133,1
DA:135,2
DA:147,1
DA:148,2
DA:149,2
DA:150,2
DA:151,2
DA:152,1
DA:153,1
DA:154,1
DA:155,1
DA:156,1
DA:157,0
DA:158,0
DA:159,0
DA:161,1
DA:162,1
DA:166,1
DA:167,1
DA:169,1
DA:170,2
DA:171,1
DA:181,1
DA:182,1
DA:184,1
DA:185,1
DA:187,1
DA:188,0
DA:189,0
DA:190,0
DA:191,0
DA:193,0
DA:197,1
DA:200,1
DA:201,1
DA:208,1
DA:210,1
DA:211,0
DA:212,0
DA:213,0
DA:214,0
DA:216,0
DA:219,1
DA:222,1
DA:223,1
LF:107
LH:86
end_of_record
SF:lib\pages\searched_post\bindings.dart
DA:6,1
DA:8,4
LF:2
LH:2
end_of_record
SF:lib\pages\searched_post\view.dart
DA:10,2
DA:12,1
DA:14,1
DA:15,1
DA:17,1
DA:21,1
DA:22,1
DA:23,1
DA:24,1
DA:25,1
DA:26,1
DA:27,2
DA:39,1
DA:40,2
DA:41,4
DA:46,1
DA:52,4
DA:53,1
DA:54,4
DA:55,1
DA:67,1
DA:68,2
DA:69,2
DA:70,1
DA:72,1
DA:73,1
DA:76,1
DA:77,1
DA:78,1
DA:79,1
DA:80,3
DA:81,1
DA:82,1
DA:85,2
DA:87,1
DA:88,1
DA:89,1
DA:90,1
DA:91,1
DA:98,1
DA:99,1
DA:100,1
DA:101,1
DA:103,1
LF:44
LH:44
end_of_record
SF:lib\common\services\storage.dart
DA:5,12
DA:8,4
DA:9,8
DA:13,0
DA:14,0
DA:17,0
DA:18,0
DA:21,4
DA:22,8
DA:30,4
DA:31,8
DA:34,4
DA:35,8
DA:38,0
DA:39,0
DA:42,0
DA:43,0
LF:17
LH:9
end_of_record
SF:lib\common\store\config.dart
DA:7,0
DA:13,0
DA:20,4
DA:22,4
DA:23,12
DA:26,0
DA:31,0
DA:32,0
DA:35,0
DA:36,0
DA:37,0
DA:38,0
DA:39,0
DA:41,0
DA:42,0
DA:45,0
DA:46,0
DA:47,0
DA:48,0
LF:19
LH:3
end_of_record
SF:lib\common\store\user.dart
DA:17,12
DA:27,12
DA:28,0
DA:31,0
DA:32,0
DA:35,12
DA:36,12
DA:40,12
DA:42,4
DA:44,4
DA:45,16
DA:46,8
DA:47,0
DA:48,0
DA:49,0
DA:63,0
DA:64,0
DA:65,0
DA:68,4
DA:70,4
DA:71,4
DA:72,4
DA:74,8
DA:75,16
DA:78,4
DA:79,12
DA:80,12
DA:81,12
DA:83,4
DA:88,4
DA:89,4
DA:90,8
DA:91,4
DA:95,4
DA:96,8
DA:98,8
DA:100,4
DA:103,8
DA:105,4
DA:108,8
DA:109,4
DA:110,4
DA:111,4
DA:113,0
DA:117,4
DA:118,4
DA:122,4
DA:124,4
DA:125,12
DA:126,8
DA:127,4
DA:128,8
DA:129,8
DA:130,8
DA:132,20
DA:133,8
DA:137,8
DA:138,8
DA:141,0
DA:142,0
DA:143,0
DA:146,0
DA:147,0
DA:152,0
DA:154,0
DA:155,0
DA:156,0
DA:159,0
DA:160,0
DA:163,0
DA:165,0
DA:166,0
DA:167,0
DA:168,0
DA:170,0
DA:171,0
DA:173,0
DA:176,0
DA:179,0
LF:79
LH:48
end_of_record
SF:lib\common\utils\http.dart
DA:15,12
DA:16,8
DA:21,4
DA:23,4
DA:34,4
DA:52,8
DA:59,16
DA:60,4
DA:62,4
DA:69,4
DA:71,4
DA:75,0
DA:77,0
DA:78,0
DA:79,0
DA:80,0
DA:92,0
DA:93,0
DA:94,0
DA:95,0
DA:96,0
DA:97,0
DA:100,0
DA:106,0
DA:107,0
DA:108,0
DA:109,0
DA:110,0
DA:111,0
DA:112,0
DA:113,0
DA:114,0
DA:115,0
DA:116,0
DA:120,0
DA:124,0
DA:125,0
DA:126,0
DA:127,0
DA:128,0
DA:129,0
DA:130,0
DA:131,0
DA:132,0
DA:133,0
DA:134,0
DA:135,0
DA:136,0
DA:137,0
DA:138,0
DA:139,0
DA:140,0
DA:141,0
DA:145,0
DA:147,0
DA:148,0
DA:153,0
DA:154,0
DA:159,0
DA:170,0
DA:171,0
DA:175,4
DA:176,4
DA:177,20
DA:178,0
DA:189,0
DA:199,0
DA:200,0
DA:201,0
DA:208,0
DA:209,0
DA:211,0
DA:214,0
DA:218,0
DA:220,0
DA:224,4
DA:230,4
DA:231,12
DA:232,4
DA:234,8
DA:236,8
DA:241,4
DA:243,4
DA:247,0
DA:253,0
DA:254,0
DA:255,0
DA:257,0
DA:259,0
DA:264,0
DA:266,0
DA:270,0
DA:276,0
DA:277,0
DA:278,0
DA:280,0
DA:282,0
DA:287,0
DA:289,0
DA:293,0
DA:299,0
DA:300,0
DA:301,0
DA:303,0
DA:305,0
DA:310,0
DA:312,0
DA:316,0
DA:322,0
DA:323,0
DA:324,0
DA:326,0
DA:328,0
DA:330,0
DA:333,0
DA:335,0
DA:339,0
DA:346,0
DA:347,0
DA:348,0
DA:350,0
DA:352,0
DA:353,0
DA:355,0
DA:357,0
DA:360,0
DA:362,0
DA:370,0
DA:372,0
DA:374,0
DA:375,0
LF:131
LH:22
end_of_record
SF:lib\pages\message\controller.dart
DA:9,4
DA:61,4
DA:62,4
DA:63,2
DA:65,6
DA:66,8
DA:67,6
DA:68,8
DA:69,8
DA:75,3
DA:76,9
DA:79,4
DA:80,4
DA:81,4
DA:85,4
DA:87,4
DA:90,4
DA:94,4
DA:96,4
DA:100,4
DA:102,4
DA:106,0
DA:108,0
LF:23
LH:21
end_of_record
SF:lib\common\utils\loading.dart
DA:5,0
DA:6,0
DA:7,0
DA:8,0
DA:9,0
DA:10,0
DA:11,0
DA:12,0
DA:13,0
DA:14,0
DA:15,0
DA:16,0
DA:17,0
DA:18,0
DA:19,0
DA:20,0
DA:23,0
DA:24,0
DA:25,0
DA:28,0
DA:29,0
DA:32,0
DA:33,0
DA:34,0
LF:24
LH:0
end_of_record
SF:lib\common\utils\logger.dart
DA:3,4
DA:4,16
LF:2
LH:2
end_of_record
SF:lib\common\utils\oss.dart
DA:5,1
DA:7,4
DA:8,4
DA:12,8
DA:16,1
DA:17,1
DA:19,2
DA:20,2
DA:21,2
DA:22,2
DA:23,2
DA:31,1
LF:12
LH:12
end_of_record
SF:lib\global.dart
DA:13,4
DA:16,4
DA:17,0
DA:18,0
DA:20,4
DA:21,4
DA:23,0
DA:24,0
DA:28,8
DA:36,4
DA:37,4
DA:38,8
DA:40,4
DA:42,4
DA:44,20
DA:45,12
DA:46,12
DA:51,4
DA:66,4
LF:19
LH:15
end_of_record
SF:lib\pages\My_Liked_Page\bindings.dart
DA:6,0
DA:8,0
LF:2
LH:0
end_of_record
SF:lib\pages\My_Liked_Page\controller.dart
DA:11,0
DA:15,0
DA:17,0
DA:22,0
DA:23,0
DA:24,0
DA:25,0
DA:26,0
DA:28,0
DA:29,0
DA:30,0
DA:31,0
DA:33,0
DA:35,0
DA:38,0
DA:44,0
DA:45,0
DA:48,0
DA:51,0
DA:52,0
DA:53,0
DA:55,0
DA:58,0
DA:63,0
DA:64,0
DA:65,0
DA:66,0
DA:70,0
DA:71,0
DA:75,0
DA:77,0
DA:78,0
DA:82,0
DA:84,0
DA:88,0
DA:90,0
DA:94,0
DA:96,0
LF:38
LH:0
end_of_record
SF:lib\pages\My_Liked_Page\state.dart
DA:5,0
DA:6,0
DA:9,0
DA:10,0
DA:13,0
DA:14,0
LF:6
LH:0
end_of_record
SF:lib\pages\My_Liked_Page\view.dart
DA:7,0
DA:12,0
DA:14,0
DA:15,0
DA:16,0
DA:17,0
DA:18,0
DA:22,0
DA:23,0
DA:25,0
DA:26,0
DA:32,0
DA:33,0
DA:39,0
DA:40,0
DA:41,0
DA:43,0
DA:44,0
DA:45,0
DA:46,0
DA:51,0
DA:54,0
DA:55,0
DA:58,0
DA:59,0
DA:60,0
DA:61,0
DA:62,0
DA:63,0
DA:64,0
DA:65,0
DA:66,0
DA:72,0
DA:74,0
DA:77,0
DA:78,0
DA:79,0
DA:86,0
DA:87,0
DA:88,0
LF:40
LH:0
end_of_record
SF:lib\pages\application\controller.dart
DA:9,4
DA:23,0
DA:24,0
DA:28,0
DA:29,0
DA:74,4
DA:76,4
DA:78,8
DA:79,4
DA:96,16
DA:100,4
DA:102,4
DA:106,4
DA:108,4
DA:112,0
DA:114,0
DA:115,0
DA:116,0
LF:18
LH:10
end_of_record
SF:lib\pages\application\state.dart
DA:6,0
DA:7,12
LF:2
LH:1
end_of_record
SF:lib\pages\home\view.dart
DA:11,4
DA:13,8
DA:14,4
DA:15,4
DA:17,4
DA:18,4
DA:19,4
DA:21,1
DA:23,2
DA:28,4
DA:29,4
DA:31,4
DA:32,0
DA:33,0
DA:35,8
DA:36,4
DA:42,16
DA:43,4
DA:44,16
DA:45,8
DA:47,4
DA:48,4
DA:51,4
DA:52,4
DA:53,4
DA:54,4
DA:55,4
DA:56,8
DA:57,0
DA:58,0
DA:59,0
DA:61,4
DA:62,4
DA:63,4
DA:64,4
DA:65,12
DA:66,8
DA:68,12
DA:69,4
DA:75,4
DA:78,8
DA:79,16
DA:80,4
DA:81,4
DA:84,4
DA:85,4
DA:88,4
DA:89,4
DA:99,0
DA:100,0
DA:102,0
DA:103,0
DA:105,0
DA:116,4
DA:118,4
DA:120,4
DA:121,4
DA:122,12
DA:130,4
DA:131,8
DA:144,8
LF:61
LH:51
end_of_record
SF:lib\pages\chat\bindings.dart
DA:6,0
DA:8,0
LF:2
LH:0
end_of_record
SF:lib\pages\chat\controller.dart
DA:16,0
DA:28,0
DA:29,0
DA:30,0
DA:35,0
DA:36,0
DA:37,0
DA:39,0
DA:40,0
DA:42,0
DA:43,0
DA:44,0
DA:45,0
DA:46,0
DA:48,0
DA:52,0
DA:55,0
DA:57,0
DA:60,0
DA:61,0
DA:62,0
DA:64,0
DA:65,0
DA:67,0
DA:68,0
DA:69,0
DA:70,0
DA:73,0
DA:75,0
DA:83,0
DA:85,0
DA:86,0
DA:87,0
DA:88,0
DA:92,0
DA:93,0
DA:95,0
DA:99,0
DA:100,0
DA:101,0
DA:102,0
DA:105,0
DA:106,0
DA:107,0
DA:110,0
DA:111,0
DA:112,0
DA:113,0
DA:116,0
DA:117,0
DA:120,0
DA:123,0
DA:124,0
DA:125,0
DA:127,0
DA:130,0
DA:136,0
DA:138,0
DA:140,0
DA:143,0
DA:144,0
DA:145,0
DA:146,0
DA:148,0
DA:151,0
DA:153,0
DA:157,0
DA:159,0
DA:163,0
DA:165,0
DA:166,0
DA:170,0
DA:172,0
DA:173,0
LF:74
LH:0
end_of_record
SF:lib\pages\chat\state.dart
DA:7,0
DA:8,0
DA:11,0
DA:12,0
DA:15,0
DA:16,0
LF:6
LH:0
end_of_record
SF:lib\pages\chat\view.dart
DA:12,0
DA:14,0
DA:15,0
DA:16,0
DA:17,0
DA:21,0
DA:24,0
DA:25,0
DA:26,0
DA:27,0
DA:28,0
DA:29,0
DA:30,0
DA:34,0
DA:36,0
DA:39,0
DA:41,0
DA:43,0
DA:44,0
DA:45,0
DA:46,0
DA:49,0
DA:50,0
DA:55,0
DA:56,0
DA:58,0
DA:59,0
DA:61,0
DA:63,0
DA:65,0
DA:68,0
DA:73,0
DA:75,0
DA:76,0
DA:84,0
DA:90,0
DA:91,0
DA:93,0
DA:94,0
DA:95,0
DA:101,0
DA:102,0
DA:103,0
DA:111,0
DA:113,0
DA:114,0
DA:115,0
DA:116,0
DA:117,0
DA:118,0
DA:119,0
LF:51
LH:0
end_of_record
SF:lib\pages\completed_order_page\bindings.dart
DA:6,0
DA:8,0
LF:2
LH:0
end_of_record
SF:lib\pages\completed_order_page\controller.dart
DA:14,0
DA:15,0
DA:16,0
DA:17,0
DA:18,0
DA:19,0
DA:20,0
DA:21,0
DA:22,0
DA:23,0
DA:25,0
DA:29,0
DA:30,0
DA:31,0
DA:32,0
DA:34,0
DA:37,0
DA:41,0
DA:42,0
DA:44,0
DA:48,0
DA:49,0
DA:50,0
DA:52,0
DA:55,0
DA:60,0
DA:61,0
DA:64,0
DA:67,0
DA:68,0
DA:69,0
DA:71,0
DA:74,0
DA:99,0
DA:100,0
DA:102,0
DA:103,0
DA:105,0
DA:108,0
DA:109,0
DA:111,0
DA:114,0
DA:116,0
DA:120,0
DA:121,0
DA:122,0
DA:124,0
DA:140,0
DA:142,0
DA:143,0
DA:147,0
DA:149,0
DA:153,0
DA:155,0
DA:159,0
DA:161,0
LF:56
LH:0
end_of_record
SF:lib\pages\completed_order_page\state.dart
DA:6,0
DA:7,0
DA:13,0
DA:14,0
LF:4
LH:0
end_of_record
SF:lib\pages\completed_order_page\view.dart
DA:11,0
DA:13,0
DA:15,0
DA:16,0
DA:18,0
DA:22,0
DA:23,0
DA:24,0
DA:25,0
DA:26,0
DA:31,0
DA:37,0
DA:38,0
DA:39,0
DA:40,0
DA:52,0
DA:53,0
DA:54,0
DA:55,0
DA:57,0
DA:58,0
DA:59,0
DA:60,0
DA:63,0
DA:64,0
DA:65,0
DA:66,0
DA:69,0
DA:70,0
DA:71,0
DA:74,0
DA:76,0
DA:80,0
DA:81,0
DA:82,0
DA:83,0
DA:84,0
DA:91,0
DA:92,0
DA:93,0
DA:94,0
DA:96,0
DA:101,0
DA:104,0
DA:105,0
DA:108,0
DA:109,0
DA:116,0
DA:121,0
DA:122,0
DA:126,0
LF:51
LH:0
end_of_record
SF:lib\pages\create_post\controller.dart
DA:14,0
DA:21,0
DA:23,0
DA:26,0
DA:27,0
DA:28,0
DA:30,0
DA:36,0
DA:37,0
DA:41,0
DA:42,0
DA:44,0
DA:48,0
DA:49,0
DA:50,0
DA:53,0
DA:54,0
DA:57,0
DA:58,0
DA:61,0
DA:62,0
DA:65,0
DA:66,0
DA:70,0
DA:71,0
DA:72,0
DA:73,0
DA:74,0
DA:77,0
DA:79,0
DA:83,0
DA:89,0
DA:90,0
DA:91,0
DA:92,0
DA:93,0
DA:95,0
DA:100,0
DA:101,0
DA:106,0
DA:108,0
DA:112,0
DA:114,0
DA:118,0
DA:120,0
DA:124,0
DA:126,0
DA:127,0
DA:128,0
DA:129,0
LF:50
LH:0
end_of_record
SF:lib\pages\my_post\controller.dart
DA:20,0
DA:22,0
DA:28,0
DA:30,0
DA:32,0
DA:35,0
DA:37,0
DA:38,0
DA:39,0
DA:41,0
DA:43,0
DA:55,0
DA:56,0
DA:57,0
DA:60,0
DA:61,0
DA:62,0
DA:63,0
DA:64,0
DA:65,0
DA:66,0
DA:76,0
DA:77,0
DA:79,0
DA:80,0
DA:82,0
DA:85,0
DA:86,0
DA:88,0
DA:91,0
DA:92,0
DA:93,0
DA:97,0
DA:98,0
DA:99,0
DA:101,0
DA:116,0
DA:117,0
DA:120,0
DA:123,0
DA:124,0
DA:125,0
DA:127,0
DA:130,0
DA:135,0
DA:136,0
DA:137,0
DA:138,0
DA:139,0
DA:140,0
DA:141,0
DA:142,0
DA:143,0
DA:144,0
DA:146,0
DA:150,0
DA:151,0
DA:152,0
DA:153,0
DA:154,0
DA:156,0
DA:157,0
DA:160,0
DA:164,0
DA:165,0
DA:166,0
DA:167,0
DA:170,0
DA:171,0
DA:175,0
DA:177,0
DA:178,0
DA:182,0
DA:184,0
DA:188,0
DA:190,0
DA:194,0
DA:196,0
LF:78
LH:0
end_of_record
SF:lib\pages\create_post\state.dart
DA:5,0
DA:6,0
DA:9,0
DA:10,0
LF:4
LH:0
end_of_record
SF:lib\pages\edit_post\bindings.dart
DA:6,1
DA:8,2
LF:2
LH:2
end_of_record
SF:lib\pages\edit_post\controller.dart
DA:16,0
DA:25,0
DA:27,0
DA:30,0
DA:31,0
DA:32,0
DA:34,0
DA:41,0
DA:42,0
DA:46,0
DA:47,0
DA:49,0
DA:53,0
DA:54,0
DA:55,0
DA:58,0
DA:59,0
DA:62,0
DA:63,0
DA:66,0
DA:67,0
DA:70,0
DA:71,0
DA:75,0
DA:76,0
DA:77,0
DA:78,0
DA:79,0
DA:82,0
DA:84,0
DA:86,0
DA:89,0
DA:95,0
DA:96,0
DA:97,0
DA:98,0
DA:99,0
DA:100,0
DA:102,0
DA:104,0
DA:107,0
DA:111,0
DA:112,0
DA:114,0
DA:115,0
DA:116,0
DA:117,0
DA:118,0
DA:119,0
DA:120,0
DA:125,0
DA:126,0
DA:130,0
DA:132,0
DA:136,0
DA:138,0
DA:139,0
DA:143,0
DA:145,0
DA:149,0
DA:151,0
DA:152,0
DA:153,0
DA:154,0
DA:158,0
DA:159,0
DA:161,0
DA:162,0
DA:166,0
DA:167,0
DA:169,0
DA:174,0
LF:72
LH:0
end_of_record
SF:lib\pages\home\controller.dart
DA:14,4
DA:17,4
DA:18,4
DA:22,4
DA:23,20
DA:24,4
DA:25,0
DA:27,20
DA:29,4
DA:30,4
DA:32,0
DA:35,0
DA:40,0
DA:41,0
DA:42,0
DA:47,0
DA:48,0
DA:49,0
DA:50,0
DA:51,0
DA:53,0
DA:57,0
DA:61,0
DA:62,0
DA:63,0
DA:68,0
DA:69,0
DA:70,0
DA:71,0
DA:72,0
DA:74,0
DA:78,0
DA:84,0
DA:85,0
DA:86,0
DA:88,0
DA:93,0
DA:94,0
DA:97,4
DA:98,8
DA:99,12
DA:100,28
DA:103,0
DA:104,0
DA:105,0
DA:106,0
DA:111,4
DA:113,12
DA:114,4
DA:115,4
DA:124,4
DA:126,4
DA:130,4
DA:132,8
DA:133,4
DA:137,0
DA:139,0
LF:57
LH:22
end_of_record
SF:lib\pages\edit_post\state.dart
DA:5,0
DA:6,0
DA:9,0
DA:10,0
DA:13,0
DA:14,0
DA:17,0
DA:18,0
LF:8
LH:0
end_of_record
SF:lib\pages\edit_post\view.dart
DA:9,0
DA:13,0
DA:15,0
DA:16,0
DA:17,0
DA:18,0
DA:20,0
DA:21,0
DA:22,0
DA:23,0
DA:32,0
DA:33,0
DA:34,0
DA:35,0
DA:36,0
DA:39,0
DA:40,0
DA:41,0
DA:43,0
DA:45,0
DA:47,0
DA:48,0
DA:50,0
DA:51,0
DA:53,0
DA:55,0
DA:57,0
DA:58,0
DA:59,0
DA:65,0
DA:68,0
DA:71,0
DA:72,0
DA:73,0
DA:74,0
DA:75,0
DA:76,0
DA:77,0
DA:78,0
DA:85,0
DA:86,0
DA:87,0
DA:91,0
DA:93,0
DA:94,0
DA:95,0
DA:98,0
DA:99,0
DA:101,0
DA:102,0
DA:103,0
DA:115,0
DA:117,0
DA:118,0
DA:119,0
DA:121,0
DA:122,0
DA:124,0
DA:125,0
DA:126,0
DA:127,0
DA:128,0
DA:131,0
DA:134,0
DA:136,0
DA:137,0
DA:139,0
DA:140,0
DA:141,0
DA:142,0
DA:144,0
DA:155,0
DA:158,0
DA:159,0
DA:166,0
DA:171,0
DA:172,0
DA:180,0
DA:185,0
DA:186,0
DA:189,0
DA:190,0
DA:191,0
DA:199,0
DA:200,0
DA:202,0
DA:204,0
DA:206,0
DA:207,0
DA:209,0
DA:211,0
DA:212,0
DA:214,0
DA:215,0
DA:216,0
DA:219,0
DA:221,0
DA:222,0
DA:223,0
DA:226,0
DA:228,0
DA:229,0
DA:230,0
DA:233,0
DA:235,0
DA:236,0
DA:237,0
DA:240,0
DA:242,0
DA:243,0
DA:244,0
LF:111
LH:0
end_of_record
SF:lib\pages\edit_profile\bindings.dart
DA:6,0
DA:8,0
LF:2
LH:0
end_of_record
SF:lib\pages\edit_profile\controller.dart
DA:21,1
DA:23,0
DA:26,1
DA:27,1
DA:28,3
DA:31,1
DA:37,1
DA:38,2
DA:42,2
DA:43,1
DA:44,1
DA:46,0
DA:47,0
DA:51,0
DA:52,0
DA:53,0
DA:54,0
DA:56,0
DA:57,0
DA:58,0
DA:59,0
DA:60,0
DA:61,0
DA:62,0
DA:63,0
DA:64,0
DA:66,0
DA:67,0
DA:68,0
DA:69,0
DA:70,0
DA:74,0
DA:78,0
DA:79,0
DA:84,1
DA:86,1
DA:87,1
DA:90,1
DA:91,5
DA:92,5
DA:93,5
DA:94,5
DA:97,1
DA:99,2
DA:100,2
DA:101,2
DA:102,1
LF:47
LH:23
end_of_record
SF:lib\pages\my_profile_page\controller.dart
DA:13,0
DA:15,0
DA:16,0
DA:18,0
DA:19,0
DA:20,0
DA:21,0
DA:23,0
DA:26,0
DA:30,0
DA:31,0
DA:36,1
DA:37,2
DA:38,2
DA:42,1
DA:44,1
DA:45,1
DA:49,1
DA:51,1
DA:55,1
DA:57,1
DA:61,0
DA:63,0
LF:23
LH:10
end_of_record
SF:lib\pages\home\bindings.dart
DA:6,1
DA:8,2
LF:2
LH:2
end_of_record
SF:lib\pages\home\state.dart
DA:7,0
DA:8,0
LF:2
LH:0
end_of_record
SF:lib\pages\image_post\controller.dart
DA:11,1
DA:17,0
DA:18,0
DA:26,0
DA:27,0
DA:28,0
DA:32,0
DA:35,0
DA:36,0
DA:37,0
DA:42,0
DA:43,0
DA:44,0
DA:45,0
DA:46,0
DA:47,0
DA:50,0
DA:54,0
DA:58,0
DA:59,0
DA:60,0
DA:65,0
DA:66,0
DA:67,0
DA:68,0
DA:69,0
DA:70,0
DA:73,0
DA:77,0
DA:81,1
DA:82,2
DA:83,6
DA:84,3
DA:86,0
DA:90,1
DA:91,5
DA:92,7
DA:93,1
DA:96,0
DA:97,0
DA:101,1
DA:103,1
DA:104,1
DA:108,1
DA:110,1
DA:114,1
DA:116,1
DA:120,0
DA:122,0
LF:49
LH:16
end_of_record
SF:lib\pages\image_post\state.dart
DA:6,0
DA:7,0
DA:10,1
DA:11,2
DA:13,3
DA:14,3
DA:18,0
DA:19,0
DA:20,0
LF:9
LH:4
end_of_record
SF:lib\pages\login_Pages\bindings.dart
DA:6,0
DA:8,0
LF:2
LH:0
end_of_record
SF:lib\pages\login_Pages\controller.dart
DA:10,0
DA:14,0
DA:15,0
DA:19,0
DA:22,0
DA:23,0
DA:24,0
DA:25,0
DA:26,0
DA:28,0
DA:29,0
DA:30,0
DA:32,0
DA:33,0
DA:36,0
DA:51,0
DA:53,0
DA:58,0
DA:60,0
DA:64,0
DA:66,0
DA:70,0
DA:72,0
LF:23
LH:0
end_of_record
SF:lib\pages\login_Pages\state.dart
DA:9,0
DA:10,0
LF:2
LH:0
end_of_record
SF:lib\pages\login_Pages\view.dart
DA:11,4
DA:13,4
DA:15,4
DA:16,4
DA:17,4
DA:19,0
DA:20,0
DA:24,4
DA:26,4
DA:30,4
DA:40,4
DA:41,4
DA:49,4
DA:50,4
DA:51,4
DA:54,4
DA:55,4
DA:56,0
DA:66,4
DA:68,0
DA:73,4
DA:75,0
DA:76,0
DA:80,4
DA:81,4
DA:82,4
DA:83,24
DA:86,4
DA:87,4
DA:88,4
LF:30
LH:24
end_of_record
SF:lib\pages\message\bindings.dart
DA:6,0
DA:8,0
LF:2
LH:0
end_of_record
SF:lib\pages\message\state.dart
DA:6,12
DA:7,6
LF:2
LH:2
end_of_record
SF:lib\pages\message\view.dart
DA:9,8
DA:11,0
DA:12,0
DA:13,0
DA:14,0
DA:15,0
DA:17,0
DA:21,0
DA:23,0
DA:24,0
DA:25,0
DA:26,0
DA:27,0
DA:29,0
LF:14
LH:1
end_of_record
SF:lib\pages\message\widgets\conversation_item.dart
DA:12,0
DA:14,0
DA:18,0
DA:19,0
DA:20,0
DA:28,0
DA:29,0
DA:31,0
DA:33,0
DA:34,0
DA:35,0
DA:36,0
DA:38,0
DA:40,0
DA:41,0
DA:42,0
DA:43,0
DA:49,0
DA:50,0
DA:51,0
DA:52,0
DA:53,0
DA:56,0
LF:23
LH:0
end_of_record
SF:lib\pages\mine\Aboutus.dart
DA:13,0
DA:15,0
DA:16,0
DA:17,0
DA:19,0
DA:21,0
DA:23,0
DA:24,0
DA:26,0
DA:28,0
DA:29,0
DA:30,0
DA:32,0
DA:34,0
DA:35,0
DA:36,0
DA:41,0
DA:42,0
DA:43,0
DA:45,0
DA:46,0
DA:48,0
DA:50,0
DA:51,0
DA:54,0
DA:55,0
DA:56,0
DA:57,0
DA:59,0
DA:61,0
DA:63,0
DA:67,0
LF:32
LH:0
end_of_record
SF:lib\pages\mine\bindings.dart
DA:6,4
DA:8,8
LF:2
LH:2
end_of_record
SF:lib\pages\mine\controller.dart
DA:7,0
DA:12,0
DA:13,0
DA:14,0
DA:16,0
DA:19,0
DA:20,0
DA:21,0
DA:23,0
DA:24,0
DA:27,0
DA:28,0
DA:34,0
DA:35,0
DA:41,0
DA:46,0
DA:48,0
DA:52,0
DA:54,0
DA:59,0
DA:61,0
DA:65,0
DA:67,0
LF:23
LH:0
end_of_record
SF:lib\pages\mine\state.dart
DA:6,0
DA:7,0
DA:10,0
DA:11,0
DA:16,0
DA:17,0
LF:6
LH:0
end_of_record
SF:lib\pages\mine\view.dart
DA:10,12
DA:12,4
DA:14,8
DA:15,4
DA:16,4
DA:17,4
DA:18,4
DA:19,8
DA:20,4
DA:21,4
DA:23,4
DA:24,12
DA:25,8
DA:29,4
DA:33,1
DA:34,1
DA:35,2
DA:37,0
DA:41,4
DA:45,0
DA:46,0
DA:47,0
DA:49,0
DA:53,4
DA:57,0
DA:58,0
DA:59,0
DA:61,0
DA:66,4
DA:70,0
DA:71,0
DA:72,0
DA:74,0
DA:79,4
DA:83,0
DA:84,0
DA:86,0
DA:90,4
DA:91,4
DA:93,4
DA:97,4
DA:98,4
DA:99,4
DA:100,4
DA:106,4
DA:107,4
DA:108,1
DA:110,8
LF:48
LH:32
end_of_record
SF:lib\pages\my_post\bindings.dart
DA:6,0
DA:8,0
LF:2
LH:0
end_of_record
SF:lib\pages\my_post\state.dart
DA:9,0
DA:10,0
DA:13,0
DA:14,0
DA:17,0
DA:18,0
DA:21,0
DA:22,0
LF:8
LH:0
end_of_record
SF:lib\pages\my_post\view.dart
DA:9,0
DA:11,0
DA:15,0
DA:16,0
DA:17,0
DA:18,0
DA:21,0
DA:22,0
DA:23,0
DA:29,0
DA:30,0
DA:31,0
DA:37,0
DA:38,0
DA:39,0
DA:40,0
DA:41,0
DA:42,0
DA:43,0
DA:44,0
DA:45,0
DA:46,0
DA:49,0
DA:50,0
DA:52,0
DA:53,0
DA:56,0
DA:57,0
DA:58,0
DA:59,0
DA:60,0
DA:61,0
DA:62,0
DA:63,0
DA:64,0
DA:65,0
DA:71,0
DA:73,0
DA:75,0
DA:76,0
DA:77,0
DA:84,0
DA:85,0
DA:86,0
DA:99,0
DA:102,0
DA:103,0
DA:106,0
DA:107,0
DA:114,0
DA:116,0
DA:117,0
DA:119,0
DA:120,0
DA:121,0
DA:123,0
DA:124,0
DA:129,0
DA:130,0
LF:59
LH:0
end_of_record
SF:lib\pages\my_profile_page\bindings.dart
DA:6,1
DA:8,4
LF:2
LH:2
end_of_record
SF:lib\pages\my_profile_page\state.dart
DA:7,0
DA:8,0
DA:12,3
DA:13,2
LF:4
LH:2
end_of_record
SF:lib\pages\my_profile_page\view.dart
DA:8,1
DA:10,1
DA:12,1
DA:13,1
DA:14,1
DA:15,1
DA:16,0
DA:17,0
DA:20,1
DA:22,1
DA:23,1
DA:24,1
DA:25,1
DA:26,1
DA:27,1
DA:37,2
DA:39,1
DA:41,1
DA:43,1
DA:45,1
DA:46,3
DA:48,1
DA:49,4
DA:54,1
DA:55,1
DA:57,1
DA:59,3
DA:60,4
DA:68,3
DA:69,4
DA:75,3
DA:76,4
DA:94,1
DA:96,1
DA:97,1
DA:98,1
DA:99,1
DA:100,1
DA:101,1
DA:102,1
DA:103,0
DA:104,0
DA:105,0
DA:116,1
DA:118,1
DA:119,1
DA:120,1
DA:121,1
DA:122,1
DA:123,1
DA:124,1
DA:125,1
DA:126,2
DA:136,0
DA:137,0
DA:139,0
DA:143,0
DA:144,0
DA:145,0
DA:146,0
DA:149,0
DA:150,0
DA:151,0
DA:160,0
DA:164,0
DA:167,0
DA:172,1
DA:174,1
DA:176,1
DA:178,1
DA:179,1
DA:180,1
DA:183,0
LF:73
LH:54
end_of_record
SF:lib\pages\searched_post\controller.dart
DA:11,1
DA:13,1
DA:14,1
DA:17,1
DA:22,1
DA:23,1
DA:26,1
DA:28,1
DA:30,3
DA:32,4
DA:33,1
DA:35,0
DA:38,0
DA:39,0
DA:43,1
DA:44,1
DA:47,1
DA:50,1
DA:51,3
DA:52,2
DA:54,0
DA:55,0
DA:58,0
DA:59,0
DA:64,0
DA:66,0
LF:26
LH:17
end_of_record
SF:lib\pages\searched_post\state.dart
DA:6,0
DA:7,0
DA:13,0
DA:14,0
LF:4
LH:0
end_of_record
SF:lib\pages\sign_up_pages\bindings.dart
DA:6,0
DA:8,0
LF:2
LH:0
end_of_record
SF:lib\pages\sign_up_pages\controller.dart
DA:15,0
DA:19,0
DA:23,0
DA:24,0
DA:29,0
DA:30,0
DA:31,0
DA:32,0
DA:33,0
DA:36,0
DA:39,0
DA:40,0
DA:41,0
DA:42,0
DA:45,0
DA:49,0
DA:55,0
DA:57,0
DA:60,0
DA:61,0
DA:65,0
DA:66,0
DA:72,0
DA:73,0
DA:88,0
DA:89,0
DA:91,0
DA:92,0
DA:94,0
DA:95,0
DA:97,0
DA:98,0
DA:108,0
DA:110,0
DA:114,0
DA:116,0
DA:120,0
DA:122,0
DA:126,0
DA:128,0
LF:40
LH:0
end_of_record
SF:lib\pages\sign_up_pages\state.dart
DA:5,0
DA:6,0
DA:9,0
DA:10,0
DA:13,0
DA:14,0
LF:6
LH:0
end_of_record
SF:lib\pages\sign_up_pages\sign_up_email.dart
DA:8,0
DA:10,0
DA:11,0
DA:19,0
DA:21,0
DA:22,0
DA:25,0
DA:27,0
DA:28,0
DA:29,0
DA:31,0
DA:32,0
DA:38,0
DA:40,0
DA:41,0
DA:42,0
DA:44,0
DA:48,0
DA:49,0
DA:52,0
DA:53,0
DA:55,0
DA:62,0
DA:63,0
DA:64,0
DA:65,0
DA:67,0
DA:68,0
DA:71,0
DA:75,0
LF:30
LH:0
end_of_record
SF:lib\pages\sign_up_pages\sign_up_name.dart
DA:7,0
DA:8,0
DA:9,0
DA:17,0
DA:19,0
DA:20,0
DA:23,0
DA:25,0
DA:26,0
DA:27,0
DA:28,0
DA:29,0
DA:30,0
DA:36,0
DA:37,0
DA:38,0
DA:39,0
DA:40,0
DA:42,0
DA:43,0
DA:51,0
DA:52,0
DA:53,0
DA:59,0
DA:60,0
DA:68,0
DA:69,0
DA:70,0
DA:71,0
DA:72,0
DA:73,0
DA:76,0
DA:77,0
DA:78,0
LF:34
LH:0
end_of_record
SF:lib\pages\sign_up_pages\sign_up_password.dart
DA:8,0
DA:9,0
DA:10,0
DA:21,0
DA:23,0
DA:24,0
DA:27,0
DA:29,0
DA:30,0
DA:31,0
DA:32,0
DA:33,0
DA:34,0
DA:38,0
DA:39,0
DA:40,0
DA:41,0
DA:42,0
DA:43,0
DA:54,0
DA:55,0
DA:56,0
DA:59,0
DA:61,0
DA:62,0
DA:63,0
DA:68,0
DA:69,0
DA:71,0
DA:79,0
DA:81,0
DA:83,0
DA:84,0
DA:85,0
DA:86,0
DA:91,0
DA:93,0
DA:96,0
DA:97,0
DA:98,0
DA:99,0
DA:104,0
DA:105,0
DA:106,0
DA:107,0
DA:108,0
DA:111,0
DA:115,0
DA:117,0
DA:121,0
DA:125,0
LF:51
LH:0
end_of_record
SF:lib\pages\user_profile_page\bindings.dart
DA:6,0
DA:8,0
LF:2
LH:0
end_of_record
SF:lib\pages\user_profile_page\controller.dart
DA:13,0
DA:18,0
DA:19,0
DA:20,0
DA:24,0
DA:27,0
DA:29,0
DA:35,0
DA:37,0
DA:39,0
DA:42,0
DA:44,0
DA:45,0
DA:46,0
DA:48,0
DA:50,0
DA:53,0
DA:58,0
DA:64,0
DA:65,0
DA:66,0
DA:69,0
DA:70,0
DA:74,0
DA:76,0
DA:77,0
DA:81,0
DA:83,0
DA:87,0
DA:89,0
DA:93,0
DA:95,0
LF:32
LH:0
end_of_record
SF:lib\pages\user_profile_page\state.dart
DA:6,0
DA:7,0
DA:10,0
DA:11,0
DA:14,0
DA:15,0
LF:6
LH:0
end_of_record
SF:lib\pages\user_profile_page\view.dart
DA:10,0
DA:12,0
DA:14,0
DA:15,0
DA:27,0
DA:28,0
DA:29,0
DA:30,0
DA:32,0
DA:33,0
DA:34,0
DA:36,0
DA:37,0
DA:41,0
DA:42,0
DA:44,0
DA:45,0
DA:46,0
DA:52,0
DA:53,0
DA:88,0
DA:89,0
DA:95,0
DA:104,0
DA:105,0
DA:106,0
DA:107,0
DA:108,0
DA:109,0
DA:110,0
DA:111,0
DA:112,0
DA:113,0
DA:115,0
DA:116,0
DA:119,0
DA:120,0
DA:123,0
DA:124,0
DA:125,0
DA:126,0
DA:127,0
DA:128,0
DA:129,0
DA:130,0
DA:131,0
DA:132,0
DA:138,0
DA:140,0
DA:143,0
DA:144,0
DA:145,0
DA:152,0
DA:153,0
DA:154,0
LF:55
LH:0
end_of_record
