SF:lib\main.dart
DA:11,0
DA:13,15
DA:14,15
DA:15,15
DA:17,15
DA:21,15
DA:23,15
DA:25,15
DA:27,30
DA:28,0
DA:29,0
DA:34,15
DA:39,15
DA:40,15
DA:41,30
LF:15
LH:12
end_of_record
SF:lib\pages\edit_profile\state.dart
DA:5,0
DA:6,3
DA:9,3
DA:10,3
DA:13,3
DA:14,3
DA:18,6
DA:19,6
LF:8
LH:7
end_of_record
SF:lib\common\apis\sts.dart
DA:5,4
DA:8,8
DA:9,4
LF:3
LH:3
end_of_record
SF:lib\common\apis\post.dart
DA:6,1
DA:8,1
DA:10,1
DA:11,2
DA:13,1
DA:16,1
DA:19,4
DA:21,8
DA:23,4
DA:26,4
DA:29,1
DA:31,2
DA:33,1
DA:35,1
DA:36,1
DA:39,2
DA:41,4
DA:43,2
DA:45,2
DA:46,2
DA:49,1
DA:51,2
DA:53,1
DA:55,1
DA:56,1
DA:59,0
DA:61,0
DA:63,0
DA:66,0
DA:69,0
DA:71,0
DA:73,0
DA:76,0
DA:79,7
DA:82,7
DA:86,7
DA:88,14
DA:90,7
DA:93,7
DA:96,15
DA:97,30
DA:99,15
DA:101,15
DA:102,15
DA:105,2
DA:107,4
DA:109,2
DA:112,2
DA:115,15
DA:117,30
DA:119,15
DA:121,15
DA:124,1
DA:126,2
DA:128,1
DA:130,1
DA:133,2
DA:135,4
DA:137,2
DA:139,2
LF:60
LH:52
end_of_record
SF:lib\common\entities\post.dart
DA:16,0
DA:31,4
DA:32,8
DA:33,8
DA:34,8
DA:35,8
DA:36,8
DA:37,8
DA:38,8
DA:39,8
DA:40,8
DA:41,12
DA:42,8
DA:43,8
DA:44,12
DA:47,1
DA:48,1
DA:49,2
DA:50,2
DA:51,2
DA:52,2
DA:53,2
DA:54,2
DA:55,2
DA:56,2
DA:57,2
DA:58,2
DA:59,2
DA:60,2
DA:61,2
DA:77,0
DA:89,15
DA:90,30
DA:91,30
DA:92,30
DA:93,30
DA:94,30
DA:95,30
DA:96,30
DA:97,45
DA:98,45
DA:101,15
DA:102,15
DA:103,30
DA:104,30
DA:105,30
DA:106,30
DA:107,30
DA:108,30
DA:109,30
DA:110,30
DA:111,30
DA:131,0
DA:146,15
DA:147,30
DA:148,30
DA:149,30
DA:150,30
DA:151,30
DA:152,30
DA:153,30
DA:154,30
DA:155,30
DA:156,45
DA:157,30
DA:158,30
DA:159,45
DA:162,6
DA:163,6
DA:164,12
DA:165,12
DA:166,12
DA:167,12
DA:168,12
DA:169,12
DA:170,12
DA:171,12
DA:172,12
DA:173,12
DA:174,12
DA:175,12
DA:176,12
DA:184,0
DA:186,15
DA:187,15
DA:188,30
DA:189,45
DA:190,45
DA:195,0
DA:196,0
DA:197,0
DA:198,0
DA:199,0
DA:209,0
DA:211,15
DA:212,30
DA:213,30
DA:215,30
DA:216,30
DA:220,1
DA:221,1
DA:222,1
DA:223,3
DA:225,1
DA:226,3
DA:235,0
DA:237,2
DA:238,2
DA:239,4
DA:240,6
DA:241,6
DA:246,0
DA:247,0
DA:248,0
DA:249,0
DA:250,0
DA:267,2
DA:278,0
DA:279,0
DA:280,0
DA:281,0
DA:282,0
DA:283,0
DA:284,0
DA:285,0
DA:286,0
DA:287,0
DA:290,2
DA:291,2
DA:292,4
DA:293,4
DA:294,4
DA:295,4
DA:296,4
DA:297,4
DA:298,4
DA:299,4
DA:300,4
DA:309,0
DA:311,2
DA:312,4
DA:313,8
DA:316,0
DA:317,0
DA:318,0
DA:319,0
DA:320,0
DA:328,1
DA:329,0
DA:330,0
DA:332,1
DA:333,1
DA:334,2
DA:343,0
DA:344,1
DA:345,2
DA:346,4
DA:349,0
DA:350,0
DA:351,0
DA:352,0
DA:353,0
DA:371,1
DA:383,0
DA:384,0
DA:385,0
DA:386,0
DA:387,0
DA:388,0
DA:389,0
DA:390,0
DA:391,0
DA:392,0
DA:393,0
DA:396,1
DA:397,1
DA:398,2
DA:399,2
DA:400,2
DA:401,2
DA:402,2
DA:403,2
DA:404,2
DA:405,2
DA:406,2
DA:407,2
DA:416,4
DA:419,0
DA:420,0
DA:422,4
DA:423,4
DA:424,8
DA:434,0
DA:436,4
DA:437,8
DA:438,4
DA:439,8
DA:440,12
DA:441,12
DA:446,0
DA:447,0
DA:448,0
DA:449,0
DA:450,0
DA:460,0
DA:462,1
DA:463,2
DA:464,4
DA:467,1
DA:468,1
DA:469,2
DA:470,1
DA:471,3
DA:481,0
DA:486,0
DA:487,0
DA:488,0
DA:491,0
DA:492,0
DA:493,0
DA:494,0
DA:503,0
DA:505,0
DA:506,0
DA:507,0
DA:510,0
DA:511,0
DA:512,0
DA:513,0
DA:514,0
DA:523,7
DA:527,0
DA:528,0
DA:531,7
DA:532,7
DA:533,14
DA:542,0
DA:544,7
DA:545,14
DA:546,28
DA:549,0
DA:550,0
DA:551,0
DA:552,0
DA:553,0
DA:569,1
DA:580,0
DA:581,0
DA:582,0
DA:583,0
DA:584,0
DA:585,0
DA:586,0
DA:587,0
DA:588,0
DA:591,1
DA:592,1
DA:593,2
DA:594,2
DA:595,2
DA:596,2
DA:597,2
DA:598,2
DA:599,2
DA:600,2
DA:609,0
DA:611,1
DA:612,2
DA:613,4
DA:616,0
DA:617,0
DA:618,0
DA:619,0
DA:620,0
DA:629,15
DA:634,0
DA:635,0
DA:636,0
DA:639,15
DA:640,15
DA:641,30
DA:642,30
DA:651,0
DA:653,15
DA:654,30
DA:655,60
DA:658,0
DA:659,0
DA:660,0
DA:661,0
DA:662,0
DA:671,2
DA:673,0
DA:674,0
DA:677,2
DA:678,2
DA:679,4
DA:688,0
DA:690,2
DA:691,4
DA:692,8
DA:695,0
DA:696,0
DA:697,0
DA:698,0
DA:699,0
DA:708,15
DA:710,0
DA:711,0
DA:714,15
DA:715,15
DA:716,30
DA:725,0
DA:727,15
DA:728,30
DA:729,60
DA:732,0
DA:733,0
DA:734,0
DA:735,0
DA:736,0
DA:746,0
DA:748,0
DA:749,0
DA:750,0
DA:753,0
DA:754,0
DA:755,0
DA:756,0
DA:765,0
DA:767,0
DA:768,0
DA:769,0
DA:772,0
DA:773,0
DA:774,0
DA:775,0
DA:776,0
DA:794,1
DA:806,0
DA:807,0
DA:808,0
DA:809,0
DA:810,0
DA:811,0
DA:812,0
DA:813,0
DA:814,0
DA:815,0
DA:816,0
DA:819,1
DA:820,1
DA:821,2
DA:822,2
DA:823,2
DA:824,2
DA:825,2
DA:826,2
DA:827,2
DA:828,2
DA:829,2
DA:830,2
DA:840,0
DA:842,1
DA:843,2
DA:844,4
DA:847,0
DA:848,0
DA:849,0
DA:850,0
DA:851,0
DA:861,2
DA:863,0
DA:864,0
DA:865,0
DA:868,2
DA:869,2
DA:870,4
DA:871,4
DA:881,0
DA:883,2
DA:884,4
DA:885,8
DA:888,0
DA:889,0
DA:890,0
DA:891,0
DA:892,0
LF:388
LH:220
end_of_record
SF:lib\common\entities\sts.dart
DA:6,0
DA:8,4
DA:9,8
DA:10,16
DA:11,8
DA:14,0
DA:15,0
DA:16,0
DA:17,0
DA:18,0
DA:20,0
DA:30,0
DA:32,4
DA:33,4
DA:34,12
DA:35,8
DA:36,16
DA:39,0
DA:40,0
DA:41,0
DA:42,0
DA:44,0
DA:45,0
DA:46,0
DA:64,0
DA:76,4
DA:77,8
DA:78,8
DA:79,8
DA:80,8
DA:81,8
DA:82,8
DA:83,8
DA:84,8
DA:85,8
DA:86,8
DA:89,0
DA:90,0
DA:91,0
DA:92,0
DA:93,0
DA:94,0
DA:95,0
DA:96,0
DA:97,0
DA:98,0
DA:99,0
DA:100,0
DA:110,0
DA:112,4
DA:113,8
DA:114,8
DA:116,8
DA:117,8
DA:119,8
DA:122,0
DA:123,0
DA:124,0
DA:125,0
DA:127,0
DA:128,0
DA:130,0
DA:139,0
DA:141,4
DA:142,8
DA:143,8
DA:146,0
DA:147,0
DA:148,0
DA:149,0
DA:160,0
DA:166,4
DA:167,8
DA:168,8
DA:169,8
DA:170,8
DA:173,0
DA:174,0
DA:175,0
DA:176,0
DA:177,0
DA:178,0
LF:82
LH:34
end_of_record
SF:lib\common\routes\observers.dart
DA:5,15
DA:7,15
DA:8,30
DA:9,45
DA:10,15
DA:11,30
DA:14,15
DA:16,15
DA:17,60
DA:18,15
DA:19,30
DA:22,0
DA:24,0
DA:26,0
DA:27,0
DA:29,0
DA:30,0
DA:31,0
DA:32,0
DA:34,0
DA:38,0
DA:39,0
DA:42,0
DA:44,0
DA:45,0
DA:46,0
DA:47,0
DA:50,0
DA:53,0
DA:56,0
DA:58,0
LF:31
LH:11
end_of_record
SF:lib\common\routes\pages.dart
DA:29,45
DA:30,45
DA:32,45
DA:50,15
DA:52,15
DA:53,15
DA:59,15
DA:61,8
DA:62,15
DA:65,15
DA:67,2
DA:68,15
DA:71,15
DA:73,30
DA:74,15
DA:77,15
DA:79,4
DA:80,15
DA:82,15
DA:84,12
DA:85,15
DA:87,15
DA:89,30
DA:91,15
DA:93,10
DA:94,15
DA:96,15
DA:98,2
DA:99,15
DA:102,15
DA:104,4
DA:105,15
DA:108,15
DA:110,4
DA:111,15
DA:114,15
DA:116,4
DA:117,15
DA:120,15
DA:122,2
DA:123,15
DA:126,15
DA:128,8
DA:129,15
DA:132,15
DA:134,2
DA:135,15
DA:137,15
DA:139,4
DA:140,15
DA:142,15
DA:144,8
DA:145,15
DA:147,15
DA:149,4
DA:150,15
DA:152,15
DA:154,4
DA:155,15
LF:59
LH:59
end_of_record
SF:lib\pages\application\bindings.dart
DA:9,15
DA:11,60
DA:12,60
DA:13,60
DA:14,30
LF:5
LH:5
end_of_record
SF:lib\pages\application\view.dart
DA:10,15
DA:13,15
DA:14,15
DA:16,30
DA:17,30
DA:18,15
DA:19,15
DA:27,15
DA:28,15
DA:29,30
DA:30,30
DA:31,45
DA:33,30
DA:40,15
DA:42,15
DA:43,30
DA:44,15
LF:17
LH:17
end_of_record
SF:lib\pages\create_post\bindings.dart
DA:6,2
DA:8,8
LF:2
LH:2
end_of_record
SF:lib\pages\create_post\view.dart
DA:9,4
DA:13,2
DA:15,2
DA:16,2
DA:17,2
DA:18,2
DA:20,2
DA:21,2
DA:22,2
DA:23,4
DA:32,2
DA:33,2
DA:34,2
DA:35,2
DA:36,2
DA:39,2
DA:40,10
DA:41,2
DA:43,2
DA:45,10
DA:47,2
DA:48,10
DA:50,2
DA:51,0
DA:53,0
DA:55,0
DA:57,2
DA:58,2
DA:59,2
DA:65,2
DA:68,2
DA:71,2
DA:72,2
DA:73,2
DA:74,2
DA:75,2
DA:76,2
DA:77,2
DA:78,2
DA:85,2
DA:86,2
DA:87,2
DA:91,2
DA:93,2
DA:94,2
DA:95,10
DA:98,2
DA:101,0
DA:102,0
DA:103,0
DA:115,2
DA:117,2
DA:118,0
DA:119,0
DA:121,0
DA:122,0
DA:124,2
DA:125,2
DA:126,4
DA:127,2
DA:128,2
DA:131,2
DA:134,2
DA:136,2
DA:137,2
DA:139,4
DA:141,2
DA:142,2
DA:144,4
DA:155,2
DA:158,2
DA:159,4
DA:166,2
DA:171,2
DA:172,4
DA:180,2
DA:185,2
DA:186,4
DA:189,2
DA:190,2
DA:191,2
DA:199,2
DA:200,4
DA:202,8
DA:204,10
DA:206,2
DA:207,2
DA:209,4
DA:211,2
DA:212,2
DA:214,0
DA:215,0
DA:216,0
DA:219,2
DA:221,0
DA:222,0
DA:223,0
DA:226,2
DA:228,0
DA:229,0
DA:230,0
DA:233,2
DA:235,0
DA:236,0
DA:237,0
DA:240,2
DA:242,2
DA:243,6
DA:244,4
LF:109
LH:87
end_of_record
SF:lib\pages\image_post\bindings.dart
DA:6,6
DA:8,24
LF:2
LH:2
end_of_record
SF:lib\pages\image_post\view.dart
DA:12,12
DA:14,6
DA:16,18
DA:18,6
DA:19,6
DA:20,6
DA:21,6
DA:22,6
DA:23,6
DA:24,6
DA:25,6
DA:28,6
DA:30,6
DA:31,6
DA:43,6
DA:44,6
DA:53,6
DA:55,24
DA:56,12
DA:58,6
DA:63,12
DA:64,12
DA:65,12
DA:66,12
DA:67,12
DA:70,12
DA:71,6
DA:72,6
DA:74,6
DA:75,6
DA:76,6
DA:78,12
DA:79,24
DA:80,6
DA:81,0
DA:82,0
DA:84,0
DA:86,0
DA:89,0
DA:92,6
DA:93,6
DA:99,6
DA:100,6
DA:101,6
DA:102,6
DA:103,6
DA:104,24
DA:105,6
DA:106,6
DA:107,6
DA:108,6
DA:109,6
DA:110,6
DA:111,6
DA:112,12
DA:116,0
DA:117,0
DA:118,0
DA:122,6
DA:126,6
DA:128,18
DA:129,6
DA:133,6
DA:135,12
DA:147,6
DA:148,12
DA:149,12
DA:150,12
DA:151,12
DA:152,6
DA:153,6
DA:154,6
DA:155,6
DA:156,6
DA:157,0
DA:158,0
DA:159,0
DA:161,6
DA:162,6
DA:166,6
DA:167,6
DA:169,6
DA:170,12
DA:171,6
DA:181,6
DA:182,6
DA:184,6
DA:185,6
DA:187,6
DA:188,1
DA:189,2
DA:190,1
DA:191,2
DA:193,0
DA:197,6
DA:200,6
DA:201,6
DA:208,6
DA:210,6
DA:211,1
DA:212,2
DA:213,1
DA:214,2
DA:216,0
DA:219,6
DA:222,6
DA:223,6
LF:107
LH:94
end_of_record
SF:lib\pages\searched_post\bindings.dart
DA:6,4
DA:8,16
LF:2
LH:2
end_of_record
SF:lib\pages\searched_post\view.dart
DA:10,8
DA:12,4
DA:14,4
DA:15,4
DA:17,4
DA:21,4
DA:22,4
DA:23,4
DA:24,4
DA:25,4
DA:26,4
DA:27,8
DA:39,4
DA:40,8
DA:41,16
DA:46,4
DA:52,16
DA:53,4
DA:54,16
DA:55,4
DA:67,4
DA:68,8
DA:69,8
DA:70,4
DA:72,4
DA:73,4
DA:76,4
DA:77,4
DA:78,4
DA:79,4
DA:80,12
DA:81,4
DA:82,4
DA:85,8
DA:87,4
DA:88,4
DA:89,4
DA:90,4
DA:91,4
DA:98,4
DA:99,4
DA:100,4
DA:101,4
DA:103,4
LF:44
LH:44
end_of_record
SF:lib\common\services\storage.dart
DA:5,45
DA:8,15
DA:9,30
DA:13,0
DA:14,0
DA:17,0
DA:18,0
DA:21,15
DA:22,30
DA:30,15
DA:31,30
DA:34,15
DA:35,30
DA:38,0
DA:39,0
DA:42,0
DA:43,0
LF:17
LH:9
end_of_record
SF:lib\common\store\config.dart
DA:7,0
DA:13,0
DA:20,15
DA:22,15
DA:23,45
DA:26,0
DA:31,0
DA:32,0
DA:35,0
DA:36,0
DA:37,0
DA:38,0
DA:39,0
DA:41,0
DA:42,0
DA:45,0
DA:46,0
DA:47,0
DA:48,0
LF:19
LH:3
end_of_record
SF:lib\common\store\user.dart
DA:17,45
DA:27,45
DA:28,0
DA:31,3
DA:32,0
DA:35,45
DA:36,45
DA:40,45
DA:42,15
DA:44,15
DA:45,60
DA:46,30
DA:47,0
DA:48,0
DA:49,0
DA:63,0
DA:64,0
DA:65,0
DA:68,15
DA:70,15
DA:71,15
DA:72,15
DA:74,30
DA:75,60
DA:78,15
DA:79,45
DA:80,45
DA:81,45
DA:83,15
DA:88,15
DA:89,15
DA:90,30
DA:91,15
DA:95,15
DA:96,30
DA:98,30
DA:100,15
DA:103,30
DA:105,15
DA:108,30
DA:109,15
DA:110,15
DA:111,15
DA:113,0
DA:117,15
DA:118,15
DA:122,15
DA:124,15
DA:125,45
DA:126,30
DA:127,15
DA:128,30
DA:129,30
DA:130,30
DA:132,75
DA:133,30
DA:137,30
DA:138,30
DA:141,1
DA:142,1
DA:143,1
DA:146,0
DA:147,0
DA:152,0
DA:154,0
DA:155,0
DA:156,0
DA:159,0
DA:160,0
DA:163,0
DA:165,0
DA:166,0
DA:167,0
DA:168,0
DA:170,0
DA:171,0
DA:173,0
DA:176,0
DA:179,0
LF:79
LH:52
end_of_record
SF:lib\common\utils\http.dart
DA:15,45
DA:16,30
DA:21,15
DA:23,15
DA:34,15
DA:52,30
DA:59,60
DA:60,15
DA:62,15
DA:69,15
DA:71,15
DA:75,0
DA:77,0
DA:78,0
DA:79,0
DA:80,0
DA:92,0
DA:93,0
DA:94,0
DA:95,0
DA:96,0
DA:97,0
DA:100,0
DA:106,0
DA:107,0
DA:108,0
DA:109,0
DA:110,0
DA:111,0
DA:112,0
DA:113,0
DA:114,0
DA:115,0
DA:116,0
DA:120,0
DA:124,0
DA:125,0
DA:126,0
DA:127,0
DA:128,0
DA:129,0
DA:130,0
DA:131,0
DA:132,0
DA:133,0
DA:134,0
DA:135,0
DA:136,0
DA:137,0
DA:138,0
DA:139,0
DA:140,0
DA:141,0
DA:145,0
DA:147,0
DA:148,0
DA:153,0
DA:154,0
DA:159,0
DA:170,0
DA:171,0
DA:175,15
DA:176,15
DA:177,75
DA:178,0
DA:189,0
DA:199,0
DA:200,0
DA:201,0
DA:208,0
DA:209,0
DA:211,0
DA:214,0
DA:218,0
DA:220,0
DA:224,15
DA:230,15
DA:231,45
DA:232,15
DA:234,30
DA:236,30
DA:241,15
DA:243,15
DA:247,0
DA:253,0
DA:254,0
DA:255,0
DA:257,0
DA:259,0
DA:264,0
DA:266,0
DA:270,0
DA:276,0
DA:277,0
DA:278,0
DA:280,0
DA:282,0
DA:287,0
DA:289,0
DA:293,0
DA:299,0
DA:300,0
DA:301,0
DA:303,0
DA:305,0
DA:310,0
DA:312,0
DA:316,0
DA:322,0
DA:323,0
DA:324,0
DA:326,0
DA:328,0
DA:330,0
DA:333,0
DA:335,0
DA:339,0
DA:346,0
DA:347,0
DA:348,0
DA:350,0
DA:352,0
DA:353,0
DA:355,0
DA:357,0
DA:360,0
DA:362,0
DA:370,0
DA:372,0
DA:374,0
DA:375,0
LF:131
LH:22
end_of_record
SF:lib\pages\message\controller.dart
DA:9,15
DA:61,15
DA:62,15
DA:63,9
DA:65,27
DA:66,36
DA:67,27
DA:68,36
DA:69,36
DA:75,10
DA:76,30
DA:79,15
DA:80,15
DA:81,15
DA:85,15
DA:87,15
DA:90,15
DA:94,15
DA:96,15
DA:100,15
DA:102,15
DA:106,0
DA:108,0
LF:23
LH:21
end_of_record
SF:lib\common\utils\loading.dart
DA:5,0
DA:6,0
DA:7,0
DA:8,0
DA:9,0
DA:10,0
DA:11,0
DA:12,0
DA:13,0
DA:14,0
DA:15,0
DA:16,0
DA:17,0
DA:18,0
DA:19,0
DA:20,0
DA:23,0
DA:24,0
DA:25,0
DA:28,0
DA:29,0
DA:32,0
DA:33,0
DA:34,0
LF:24
LH:0
end_of_record
SF:lib\common\utils\logger.dart
DA:3,15
DA:4,60
LF:2
LH:2
end_of_record
SF:lib\common\utils\oss.dart
DA:5,4
DA:7,15
DA:8,15
DA:12,30
DA:16,4
DA:17,4
DA:19,8
DA:20,8
DA:21,8
DA:22,8
DA:23,8
DA:31,4
LF:12
LH:12
end_of_record
SF:lib\global.dart
DA:13,15
DA:16,15
DA:17,0
DA:18,0
DA:20,15
DA:21,15
DA:23,0
DA:24,0
DA:28,30
DA:36,15
DA:37,15
DA:38,30
DA:40,15
DA:42,15
DA:44,75
DA:45,45
DA:46,45
DA:51,15
DA:66,15
LF:19
LH:15
end_of_record
SF:lib\pages\My_Liked_Page\bindings.dart
DA:6,1
DA:8,4
LF:2
LH:2
end_of_record
SF:lib\pages\My_Liked_Page\controller.dart
DA:11,1
DA:15,1
DA:17,1
DA:22,2
DA:23,1
DA:24,2
DA:25,2
DA:26,1
DA:28,1
DA:29,2
DA:30,1
DA:31,2
DA:33,2
DA:35,0
DA:38,0
DA:44,1
DA:45,1
DA:48,1
DA:51,1
DA:52,3
DA:53,2
DA:55,0
DA:58,0
DA:63,1
DA:64,3
DA:65,3
DA:69,0
DA:70,0
DA:74,1
DA:76,1
DA:77,1
DA:81,1
DA:83,1
DA:87,1
DA:89,1
DA:93,0
DA:95,0
LF:37
LH:29
end_of_record
SF:lib\pages\My_Liked_Page\state.dart
DA:6,3
DA:7,2
LF:2
LH:2
end_of_record
SF:lib\pages\My_Liked_Page\view.dart
DA:7,2
DA:12,1
DA:14,1
DA:15,1
DA:16,1
DA:17,0
DA:18,0
DA:22,1
DA:23,1
DA:25,2
DA:26,4
DA:32,3
DA:33,1
DA:39,1
DA:40,1
DA:41,1
DA:43,1
DA:44,1
DA:45,3
DA:46,1
DA:51,2
DA:54,1
DA:55,1
DA:58,1
DA:59,1
DA:60,1
DA:61,1
DA:62,1
DA:63,1
DA:64,3
DA:65,2
DA:66,1
DA:72,1
DA:74,1
DA:77,1
DA:78,1
DA:79,3
DA:86,1
DA:87,1
DA:88,1
LF:40
LH:38
end_of_record
SF:lib\pages\application\controller.dart
DA:9,15
DA:23,0
DA:24,0
DA:28,0
DA:29,0
DA:74,15
DA:76,15
DA:78,30
DA:79,15
DA:96,60
DA:100,15
DA:102,15
DA:106,15
DA:108,15
DA:112,0
DA:114,0
DA:115,0
DA:116,0
LF:18
LH:10
end_of_record
SF:lib\pages\application\state.dart
DA:6,0
DA:7,45
LF:2
LH:1
end_of_record
SF:lib\pages\home\view.dart
DA:11,15
DA:13,30
DA:14,15
DA:15,15
DA:17,15
DA:18,15
DA:19,15
DA:21,4
DA:23,8
DA:28,15
DA:29,15
DA:31,15
DA:32,0
DA:33,0
DA:35,30
DA:36,15
DA:42,60
DA:43,15
DA:44,60
DA:45,30
DA:47,15
DA:48,15
DA:51,15
DA:52,15
DA:53,15
DA:54,15
DA:55,15
DA:56,30
DA:57,1
DA:58,2
DA:59,1
DA:61,15
DA:62,15
DA:63,15
DA:64,15
DA:65,30
DA:66,45
DA:68,45
DA:69,15
DA:75,15
DA:78,30
DA:79,45
DA:80,15
DA:81,15
DA:82,15
DA:85,15
DA:86,15
DA:89,15
DA:90,15
DA:100,0
DA:101,0
DA:103,0
DA:104,0
DA:105,0
DA:106,0
DA:108,0
DA:118,15
DA:120,15
DA:123,15
DA:124,15
DA:125,45
DA:133,15
DA:134,30
DA:147,30
LF:64
LH:55
end_of_record
SF:lib\pages\chat\bindings.dart
DA:6,2
DA:8,8
LF:2
LH:2
end_of_record
SF:lib\pages\chat\controller.dart
DA:16,2
DA:28,1
DA:29,3
DA:30,0
DA:35,1
DA:36,1
DA:37,3
DA:39,2
DA:40,2
DA:42,1
DA:43,1
DA:44,2
DA:45,2
DA:46,4
DA:48,0
DA:52,2
DA:55,1
DA:57,1
DA:60,1
DA:61,1
DA:62,1
DA:64,2
DA:65,2
DA:67,1
DA:68,1
DA:69,2
DA:70,2
DA:73,4
DA:75,0
DA:83,2
DA:85,2
DA:86,2
DA:87,2
DA:88,2
DA:92,4
DA:93,6
DA:95,0
DA:99,2
DA:100,2
DA:101,0
DA:102,0
DA:105,2
DA:106,2
DA:107,2
DA:110,2
DA:111,2
DA:112,2
DA:113,4
DA:116,0
DA:117,0
DA:120,0
DA:123,0
DA:124,0
DA:125,0
DA:127,0
DA:130,0
DA:136,2
DA:138,2
DA:140,4
DA:143,4
DA:144,4
DA:145,8
DA:146,2
DA:148,7
DA:151,2
DA:153,2
DA:157,2
DA:159,2
DA:163,2
DA:165,2
DA:166,2
DA:170,0
DA:172,0
DA:173,0
LF:74
LH:57
end_of_record
SF:lib\pages\chat\state.dart
DA:7,0
DA:8,0
DA:11,6
DA:12,4
DA:15,0
DA:16,0
LF:6
LH:2
end_of_record
SF:lib\pages\chat\view.dart
DA:12,4
DA:14,2
DA:15,4
DA:16,2
DA:17,12
DA:21,2
DA:24,2
DA:25,8
DA:26,2
DA:27,2
DA:28,10
DA:29,4
DA:30,10
DA:34,2
DA:36,2
DA:39,2
DA:41,1
DA:43,1
DA:44,0
DA:45,0
DA:46,0
DA:49,1
DA:51,1
DA:56,2
DA:57,2
DA:59,2
DA:60,2
DA:62,2
DA:64,2
DA:66,2
DA:69,2
DA:74,1
DA:76,1
DA:77,1
DA:85,8
DA:91,2
DA:92,2
DA:94,2
DA:95,4
DA:96,2
DA:102,2
DA:103,2
DA:104,4
DA:112,2
DA:114,2
DA:115,2
DA:116,2
DA:117,2
DA:118,2
DA:119,4
DA:120,2
LF:51
LH:48
end_of_record
SF:lib\pages\completed_order_page\bindings.dart
DA:6,2
DA:8,8
LF:2
LH:2
end_of_record
SF:lib\pages\completed_order_page\controller.dart
DA:14,1
DA:15,1
DA:16,1
DA:17,1
DA:18,1
DA:19,1
DA:20,1
DA:21,1
DA:22,1
DA:23,1
DA:25,2
DA:29,1
DA:30,2
DA:31,1
DA:32,1
DA:34,0
DA:37,0
DA:41,2
DA:42,2
DA:44,6
DA:48,2
DA:49,4
DA:50,10
DA:52,0
DA:55,0
DA:60,2
DA:61,2
DA:64,2
DA:67,2
DA:68,6
DA:69,4
DA:71,0
DA:74,0
DA:81,2
DA:83,2
DA:84,2
DA:88,2
DA:90,2
DA:94,2
DA:96,2
DA:100,0
DA:102,0
LF:42
LH:34
end_of_record
SF:lib\pages\completed_order_page\view.dart
DA:11,4
DA:13,2
DA:15,2
DA:16,2
DA:18,2
DA:22,2
DA:23,2
DA:24,2
DA:25,4
DA:26,8
DA:31,2
DA:37,8
DA:38,2
DA:39,8
DA:40,2
DA:52,2
DA:53,4
DA:54,4
DA:55,2
DA:57,2
DA:58,2
DA:59,2
DA:60,2
DA:63,2
DA:64,2
DA:65,2
DA:66,2
DA:69,6
DA:70,2
DA:71,2
DA:74,4
DA:76,0
DA:80,2
DA:81,2
DA:82,2
DA:83,2
DA:84,2
DA:91,2
DA:92,2
DA:93,2
DA:94,2
DA:96,2
DA:101,2
DA:104,2
DA:105,2
DA:108,2
DA:109,2
DA:116,1
DA:121,1
DA:122,3
DA:126,2
LF:51
LH:50
end_of_record
SF:lib\pages\create_post\controller.dart
DA:14,2
DA:21,2
DA:23,0
DA:26,2
DA:27,2
DA:28,6
DA:30,2
DA:36,2
DA:37,4
DA:41,6
DA:42,2
DA:44,0
DA:48,2
DA:49,6
DA:50,0
DA:53,6
DA:54,0
DA:57,6
DA:58,0
DA:61,6
DA:62,0
DA:65,6
DA:66,0
DA:70,2
DA:71,4
DA:72,4
DA:73,6
DA:74,4
DA:77,4
DA:79,6
DA:83,2
DA:89,2
DA:90,4
DA:91,2
DA:92,4
DA:93,4
DA:95,0
DA:100,0
DA:101,0
DA:106,2
DA:108,2
DA:112,2
DA:114,2
DA:118,2
DA:120,2
DA:124,0
DA:126,0
DA:127,0
DA:128,0
DA:129,0
LF:50
LH:35
end_of_record
SF:lib\pages\my_post\controller.dart
DA:20,5
DA:22,5
DA:28,10
DA:30,15
DA:32,10
DA:35,5
DA:37,5
DA:38,10
DA:39,5
DA:41,10
DA:43,10
DA:55,1
DA:56,1
DA:57,2
DA:60,1
DA:61,2
DA:62,1
DA:63,2
DA:64,1
DA:65,2
DA:66,1
DA:76,1
DA:77,1
DA:79,1
DA:80,1
DA:82,2
DA:85,1
DA:86,1
DA:88,1
DA:91,1
DA:92,1
DA:93,2
DA:97,1
DA:98,0
DA:99,0
DA:101,1
DA:116,5
DA:117,5
DA:120,5
DA:123,5
DA:124,15
DA:125,10
DA:127,0
DA:130,0
DA:135,1
DA:136,1
DA:137,1
DA:138,1
DA:139,1
DA:140,1
DA:141,1
DA:142,1
DA:143,1
DA:144,1
DA:146,2
DA:150,1
DA:151,2
DA:152,1
DA:153,3
DA:154,3
DA:156,0
DA:157,0
DA:160,0
DA:164,5
DA:165,10
DA:166,20
DA:169,4
DA:170,4
DA:174,5
DA:176,5
DA:177,5
DA:181,5
DA:183,5
DA:187,5
DA:189,5
DA:193,0
DA:195,0
LF:77
LH:68
end_of_record
SF:lib\pages\create_post\state.dart
DA:5,0
DA:6,4
DA:9,6
DA:10,6
LF:4
LH:3
end_of_record
SF:lib\pages\edit_post\bindings.dart
DA:6,3
DA:8,8
LF:2
LH:2
end_of_record
SF:lib\pages\edit_post\controller.dart
DA:16,1
DA:25,1
DA:27,0
DA:30,1
DA:31,1
DA:32,3
DA:34,1
DA:41,1
DA:42,2
DA:46,3
DA:47,1
DA:49,0
DA:53,1
DA:54,3
DA:55,0
DA:58,3
DA:59,0
DA:62,3
DA:63,0
DA:66,3
DA:67,0
DA:70,3
DA:71,0
DA:75,1
DA:76,3
DA:77,2
DA:78,2
DA:79,3
DA:82,2
DA:84,3
DA:86,4
DA:89,1
DA:95,1
DA:96,2
DA:97,1
DA:98,3
DA:99,3
DA:100,2
DA:102,0
DA:104,2
DA:107,0
DA:111,1
DA:112,2
DA:114,1
DA:115,2
DA:116,7
DA:117,3
DA:118,3
DA:119,4
DA:120,3
DA:125,0
DA:126,0
DA:130,1
DA:132,1
DA:136,1
DA:138,1
DA:139,1
DA:143,1
DA:145,1
DA:149,0
DA:151,0
DA:152,0
DA:153,0
DA:154,0
LF:64
LH:48
end_of_record
SF:lib\pages\home\controller.dart
DA:14,15
DA:17,15
DA:18,15
DA:23,15
DA:24,30
DA:25,15
DA:26,30
DA:27,15
DA:28,0
DA:30,75
DA:32,15
DA:33,15
DA:35,0
DA:38,0
DA:42,0
DA:43,0
DA:44,0
DA:49,0
DA:50,0
DA:51,0
DA:52,0
DA:53,0
DA:55,0
DA:59,0
DA:63,0
DA:64,0
DA:65,0
DA:70,0
DA:71,0
DA:72,0
DA:73,0
DA:74,0
DA:76,0
DA:80,0
DA:84,0
DA:85,0
DA:86,0
DA:87,0
DA:89,0
DA:94,0
DA:95,0
DA:98,15
DA:99,30
DA:100,45
DA:101,30
DA:102,75
DA:105,0
DA:106,0
DA:107,0
DA:108,0
DA:109,0
DA:114,15
DA:116,45
DA:117,15
DA:118,15
DA:127,15
DA:129,15
DA:133,15
DA:135,30
DA:136,15
DA:140,0
DA:142,0
LF:62
LH:25
end_of_record
SF:lib\pages\edit_post\state.dart
DA:5,3
DA:6,2
DA:9,3
DA:10,3
DA:13,3
DA:14,3
LF:6
LH:6
end_of_record
SF:lib\pages\edit_post\view.dart
DA:9,2
DA:13,1
DA:15,1
DA:16,1
DA:17,1
DA:18,1
DA:20,1
DA:21,1
DA:22,1
DA:23,2
DA:32,1
DA:33,1
DA:34,1
DA:35,1
DA:36,1
DA:39,1
DA:40,5
DA:41,1
DA:43,1
DA:45,5
DA:47,1
DA:48,5
DA:50,1
DA:51,0
DA:53,0
DA:55,0
DA:57,1
DA:58,1
DA:59,1
DA:65,1
DA:68,1
DA:71,1
DA:72,1
DA:73,1
DA:74,1
DA:75,1
DA:76,1
DA:77,1
DA:78,1
DA:85,1
DA:86,1
DA:87,1
DA:91,1
DA:93,1
DA:94,1
DA:95,5
DA:98,1
DA:99,1
DA:101,1
DA:102,3
DA:103,1
DA:115,1
DA:117,1
DA:118,0
DA:119,0
DA:121,0
DA:122,0
DA:124,1
DA:125,1
DA:126,2
DA:127,1
DA:128,1
DA:131,1
DA:134,1
DA:136,1
DA:137,1
DA:139,2
DA:140,1
DA:141,1
DA:142,1
DA:144,2
DA:155,1
DA:158,1
DA:159,2
DA:166,1
DA:171,1
DA:172,2
DA:180,1
DA:185,1
DA:186,2
DA:189,1
DA:190,1
DA:191,1
DA:199,1
DA:200,2
DA:202,4
DA:204,5
DA:206,1
DA:207,1
DA:209,2
DA:211,1
DA:212,1
DA:214,0
DA:215,0
DA:216,0
DA:219,1
DA:221,1
DA:222,3
DA:223,2
DA:226,1
DA:228,1
DA:229,3
DA:230,2
DA:233,1
DA:235,0
DA:236,0
DA:237,0
DA:240,1
DA:242,1
DA:243,3
DA:244,2
LF:111
LH:98
end_of_record
SF:lib\pages\edit_profile\bindings.dart
DA:6,0
DA:8,0
LF:2
LH:0
end_of_record
SF:lib\pages\edit_profile\controller.dart
DA:21,1
DA:23,0
DA:26,1
DA:27,1
DA:28,3
DA:31,1
DA:37,1
DA:38,2
DA:42,2
DA:43,1
DA:44,1
DA:46,0
DA:47,0
DA:51,1
DA:52,3
DA:53,3
DA:54,3
DA:56,1
DA:57,3
DA:58,2
DA:59,2
DA:60,2
DA:61,2
DA:62,2
DA:63,3
DA:64,3
DA:66,1
DA:67,1
DA:68,3
DA:69,5
DA:70,1
DA:74,0
DA:78,0
DA:79,0
DA:84,2
DA:86,2
DA:87,2
DA:90,2
DA:91,10
DA:92,10
DA:93,10
DA:94,10
DA:97,2
DA:99,4
DA:100,4
DA:101,4
DA:102,2
LF:47
LH:41
end_of_record
SF:lib\pages\edit_profile\view.dart
DA:8,4
DA:10,2
DA:12,6
DA:13,4
DA:14,2
DA:16,2
DA:17,2
DA:18,2
DA:20,0
DA:24,2
DA:26,2
DA:29,2
DA:31,6
DA:32,2
DA:33,2
DA:34,6
DA:37,2
DA:38,0
DA:41,0
DA:44,0
DA:53,2
DA:54,2
DA:63,2
DA:64,2
DA:73,2
DA:74,1
DA:75,4
DA:76,4
DA:77,1
DA:78,1
DA:80,2
DA:83,2
LF:32
LH:28
end_of_record
SF:lib\pages\my_profile_page\controller.dart
DA:13,1
DA:15,1
DA:16,3
DA:18,1
DA:19,1
DA:20,3
DA:21,1
DA:23,2
DA:26,0
DA:30,0
DA:31,0
DA:36,4
DA:37,8
DA:38,8
DA:42,4
DA:44,4
DA:45,4
DA:49,4
DA:51,4
DA:55,4
DA:57,4
DA:61,0
DA:63,0
LF:23
LH:18
end_of_record
SF:lib\pages\home\bindings.dart
DA:6,4
DA:8,8
LF:2
LH:2
end_of_record
SF:lib\pages\image_post\controller.dart
DA:11,6
DA:17,0
DA:18,0
DA:26,1
DA:27,3
DA:28,0
DA:32,2
DA:35,0
DA:36,0
DA:37,0
DA:42,0
DA:43,0
DA:44,0
DA:45,0
DA:46,0
DA:47,0
DA:50,0
DA:54,0
DA:58,0
DA:59,0
DA:60,0
DA:65,0
DA:66,0
DA:67,0
DA:68,0
DA:69,0
DA:70,0
DA:73,0
DA:77,0
DA:81,6
DA:82,12
DA:83,36
DA:84,18
DA:86,0
DA:90,6
DA:91,30
DA:92,42
DA:93,6
DA:96,0
DA:97,0
DA:101,6
DA:103,6
DA:104,6
DA:108,6
DA:110,6
DA:114,6
DA:116,6
DA:120,0
DA:122,0
LF:49
LH:19
end_of_record
SF:lib\pages\image_post\state.dart
DA:6,6
DA:7,12
DA:9,18
DA:10,18
LF:4
LH:4
end_of_record
SF:lib\pages\login_Pages\bindings.dart
DA:6,0
DA:8,0
LF:2
LH:0
end_of_record
SF:lib\pages\login_Pages\controller.dart
DA:6,0
DA:11,0
DA:13,0
DA:18,0
DA:20,0
DA:24,0
DA:26,0
DA:30,0
DA:32,0
LF:9
LH:0
end_of_record
SF:lib\pages\login_Pages\view.dart
DA:11,15
DA:13,15
DA:15,15
DA:16,15
DA:17,15
DA:19,0
DA:20,0
DA:24,15
DA:26,15
DA:30,15
DA:40,15
DA:41,15
DA:49,15
DA:50,15
DA:51,15
DA:54,15
DA:55,15
DA:56,0
DA:66,15
DA:68,0
DA:73,15
DA:75,2
DA:76,4
DA:80,15
DA:81,15
DA:82,15
DA:83,90
DA:86,15
DA:87,15
DA:88,15
LF:30
LH:26
end_of_record
SF:lib\pages\message\bindings.dart
DA:6,2
DA:8,4
LF:2
LH:2
end_of_record
SF:lib\pages\message\state.dart
DA:6,45
DA:7,20
LF:2
LH:2
end_of_record
SF:lib\pages\message\view.dart
DA:9,30
DA:11,2
DA:12,2
DA:13,4
DA:14,4
DA:15,8
DA:17,8
DA:21,2
DA:23,2
DA:24,2
DA:25,2
DA:26,2
DA:27,6
DA:29,2
LF:14
LH:14
end_of_record
SF:lib\pages\message\widgets\conversation_item.dart
DA:12,2
DA:14,2
DA:18,4
DA:19,6
DA:20,8
DA:28,2
DA:29,2
DA:31,10
DA:33,10
DA:34,2
DA:35,2
DA:36,2
DA:38,4
DA:40,2
DA:41,2
DA:42,2
DA:43,4
DA:49,6
DA:50,2
DA:51,2
DA:52,2
DA:53,6
DA:56,6
LF:23
LH:23
end_of_record
SF:lib\pages\mine\Aboutus.dart
DA:13,1
DA:15,1
DA:16,1
DA:17,1
DA:19,1
DA:21,1
DA:23,1
DA:24,1
DA:26,1
DA:28,1
DA:29,1
DA:30,1
DA:32,1
DA:34,1
DA:35,1
DA:36,1
DA:41,1
DA:42,2
DA:43,1
DA:45,1
DA:46,1
DA:48,1
DA:50,1
DA:51,1
DA:54,3
DA:55,1
DA:56,1
DA:57,1
DA:59,2
DA:61,1
DA:63,2
DA:67,1
LF:32
LH:32
end_of_record
SF:lib\pages\mine\bindings.dart
DA:6,15
DA:8,30
LF:2
LH:2
end_of_record
SF:lib\pages\mine\controller.dart
DA:5,0
DA:10,0
DA:12,0
DA:16,0
DA:18,0
DA:23,0
DA:25,0
DA:29,0
DA:31,0
LF:9
LH:0
end_of_record
SF:lib\pages\mine\view.dart
DA:10,45
DA:12,15
DA:14,30
DA:15,15
DA:16,15
DA:17,15
DA:18,15
DA:19,30
DA:20,15
DA:21,15
DA:23,15
DA:24,45
DA:25,30
DA:29,15
DA:33,4
DA:34,4
DA:35,8
DA:37,0
DA:41,15
DA:45,5
DA:46,5
DA:47,10
DA:49,0
DA:53,15
DA:57,1
DA:58,1
DA:59,2
DA:61,0
DA:66,15
DA:70,2
DA:71,2
DA:72,4
DA:74,0
DA:79,15
DA:83,1
DA:84,1
DA:86,3
DA:90,15
DA:91,15
DA:93,15
DA:97,15
DA:98,15
DA:99,15
DA:100,15
DA:106,15
DA:107,15
DA:108,3
DA:110,30
LF:48
LH:44
end_of_record
SF:lib\pages\my_post\bindings.dart
DA:6,5
DA:8,20
LF:2
LH:2
end_of_record
SF:lib\pages\my_post\state.dart
DA:9,15
DA:10,10
LF:2
LH:2
end_of_record
SF:lib\pages\my_post\view.dart
DA:9,10
DA:11,5
DA:15,5
DA:16,5
DA:17,5
DA:18,6
DA:21,5
DA:22,10
DA:23,20
DA:29,5
DA:30,0
DA:31,5
DA:37,20
DA:38,5
DA:39,20
DA:40,5
DA:41,5
DA:42,5
DA:43,5
DA:44,15
DA:45,5
DA:46,5
DA:49,5
DA:50,10
DA:52,5
DA:53,5
DA:56,5
DA:57,5
DA:58,5
DA:59,5
DA:60,5
DA:61,5
DA:62,10
DA:63,5
DA:64,10
DA:65,5
DA:71,5
DA:73,5
DA:75,5
DA:76,5
DA:77,15
DA:84,5
DA:85,5
DA:86,5
DA:99,5
DA:102,5
DA:103,5
DA:106,5
DA:107,5
DA:114,3
DA:116,3
DA:117,2
DA:119,2
DA:120,2
DA:121,1
DA:123,1
DA:124,2
DA:129,3
DA:130,3
LF:59
LH:58
end_of_record
SF:lib\pages\my_profile_page\bindings.dart
DA:6,4
DA:8,16
LF:2
LH:2
end_of_record
SF:lib\pages\my_profile_page\state.dart
DA:6,12
DA:7,8
LF:2
LH:2
end_of_record
SF:lib\pages\my_profile_page\view.dart
DA:8,4
DA:10,4
DA:12,4
DA:13,4
DA:14,4
DA:15,4
DA:16,0
DA:17,0
DA:20,4
DA:22,4
DA:23,4
DA:24,4
DA:25,4
DA:26,4
DA:27,4
DA:37,8
DA:39,4
DA:41,4
DA:43,4
DA:45,4
DA:46,12
DA:48,4
DA:49,16
DA:54,4
DA:55,4
DA:57,4
DA:59,12
DA:60,16
DA:68,12
DA:69,16
DA:75,12
DA:76,16
DA:94,4
DA:96,4
DA:97,4
DA:98,4
DA:99,4
DA:100,4
DA:101,4
DA:102,4
DA:103,1
DA:104,2
DA:105,2
DA:116,4
DA:118,4
DA:119,4
DA:120,4
DA:121,4
DA:122,4
DA:123,4
DA:124,4
DA:125,2
DA:126,4
DA:136,1
DA:137,1
DA:139,2
DA:143,1
DA:144,1
DA:145,0
DA:146,0
DA:149,1
DA:150,1
DA:151,2
DA:160,2
DA:164,1
DA:167,2
DA:172,4
DA:174,4
DA:176,4
DA:178,4
DA:179,4
DA:180,4
DA:183,2
LF:73
LH:69
end_of_record
SF:lib\pages\searched_post\controller.dart
DA:11,4
DA:13,4
DA:14,4
DA:17,4
DA:22,4
DA:23,4
DA:26,4
DA:28,4
DA:30,12
DA:32,16
DA:33,4
DA:35,0
DA:38,0
DA:39,0
DA:43,4
DA:44,4
DA:47,4
DA:50,4
DA:51,12
DA:52,8
DA:54,0
DA:57,0
DA:62,0
DA:64,0
LF:24
LH:17
end_of_record
SF:lib\pages\sign_up_pages\bindings.dart
DA:6,2
DA:8,8
LF:2
LH:2
end_of_record
SF:lib\pages\sign_up_pages\controller.dart
DA:15,0
DA:19,2
DA:23,2
DA:24,2
DA:29,4
DA:30,6
DA:31,4
DA:32,4
DA:33,4
DA:36,4
DA:39,2
DA:40,4
DA:41,2
DA:42,4
DA:45,0
DA:49,0
DA:55,2
DA:57,4
DA:60,2
DA:61,2
DA:65,2
DA:66,4
DA:72,0
DA:73,0
DA:88,2
DA:89,2
DA:91,2
DA:92,2
DA:94,2
DA:95,2
DA:97,2
DA:98,4
DA:108,2
DA:110,2
DA:114,2
DA:116,2
DA:120,2
DA:122,2
DA:126,0
DA:128,0
LF:40
LH:33
end_of_record
SF:lib\pages\sign_up_pages\state.dart
DA:5,6
DA:6,6
DA:9,6
DA:10,6
DA:13,6
DA:14,6
LF:6
LH:6
end_of_record
SF:lib\pages\sign_up_pages\sign_up_email.dart
DA:8,4
DA:10,2
DA:11,2
DA:19,2
DA:21,4
DA:22,2
DA:25,2
DA:27,2
DA:28,2
DA:29,2
DA:31,0
DA:32,0
DA:38,2
DA:40,2
DA:41,2
DA:42,2
DA:44,2
DA:48,2
DA:49,2
DA:52,2
DA:53,2
DA:55,4
DA:62,2
DA:63,2
DA:64,6
DA:65,8
DA:67,10
DA:68,4
DA:71,2
DA:75,2
LF:30
LH:28
end_of_record
SF:lib\pages\sign_up_pages\sign_up_name.dart
DA:7,4
DA:8,2
DA:9,2
DA:17,2
DA:19,4
DA:20,2
DA:23,2
DA:25,2
DA:26,2
DA:27,2
DA:28,2
DA:29,0
DA:30,0
DA:36,2
DA:37,2
DA:38,2
DA:39,2
DA:40,2
DA:42,2
DA:43,2
DA:51,2
DA:52,2
DA:53,2
DA:59,2
DA:60,4
DA:68,2
DA:69,2
DA:70,2
DA:71,6
DA:72,10
DA:73,4
DA:76,2
DA:77,2
DA:78,2
LF:34
LH:32
end_of_record
SF:lib\pages\sign_up_pages\sign_up_password.dart
DA:8,4
DA:9,2
DA:10,2
DA:21,2
DA:23,4
DA:24,2
DA:27,2
DA:29,2
DA:30,2
DA:31,2
DA:32,2
DA:33,0
DA:34,0
DA:38,2
DA:39,2
DA:40,2
DA:41,2
DA:42,2
DA:43,2
DA:54,2
DA:55,2
DA:56,2
DA:59,2
DA:61,0
DA:62,0
DA:63,0
DA:68,2
DA:69,2
DA:71,2
DA:79,2
DA:81,2
DA:83,2
DA:84,2
DA:85,4
DA:86,2
DA:91,2
DA:93,2
DA:96,2
DA:97,2
DA:98,4
DA:99,2
DA:104,2
DA:105,2
DA:106,2
DA:107,6
DA:108,10
DA:111,4
DA:115,4
DA:117,0
DA:121,0
DA:125,2
LF:51
LH:44
end_of_record
SF:lib\pages\user_profile_page\bindings.dart
DA:6,1
DA:8,4
LF:2
LH:2
end_of_record
SF:lib\pages\user_profile_page\controller.dart
DA:13,1
DA:18,0
DA:19,0
DA:20,0
DA:24,0
DA:27,1
DA:29,1
DA:35,2
DA:37,3
DA:39,2
DA:42,1
DA:44,1
DA:45,2
DA:46,1
DA:48,2
DA:50,2
DA:53,0
DA:58,0
DA:64,1
DA:65,2
DA:66,3
DA:69,0
DA:70,0
DA:74,1
DA:76,1
DA:77,1
DA:81,1
DA:83,1
DA:87,1
DA:89,1
DA:93,0
DA:95,0
LF:32
LH:22
end_of_record
SF:lib\pages\user_profile_page\state.dart
DA:6,0
DA:7,0
DA:10,0
DA:11,0
DA:14,3
DA:15,2
LF:6
LH:2
end_of_record
SF:lib\pages\user_profile_page\view.dart
DA:10,1
DA:12,1
DA:14,1
DA:15,1
DA:27,1
DA:28,1
DA:29,1
DA:30,1
DA:32,1
DA:33,1
DA:34,1
DA:36,1
DA:37,3
DA:41,1
DA:42,1
DA:44,1
DA:45,1
DA:46,3
DA:52,1
DA:53,3
DA:88,2
DA:89,4
DA:95,1
DA:104,4
DA:105,1
DA:106,4
DA:107,1
DA:108,1
DA:109,1
DA:110,0
DA:111,0
DA:112,0
DA:113,0
DA:115,0
DA:116,0
DA:119,1
DA:120,1
DA:123,1
DA:124,1
DA:125,1
DA:126,1
DA:127,1
DA:128,1
DA:129,2
DA:130,1
DA:131,2
DA:132,1
DA:138,1
DA:140,1
DA:143,1
DA:144,1
DA:145,3
DA:152,1
DA:153,1
DA:154,1
LF:55
LH:49
end_of_record
